+ '[' -d queues/extraction ']'
+ '[' -d queues/building ']'
+ '[' -d logs/extraction/stats-20220724221126-2 ']'
+ EXTRACTION_QUEUE=queues/extraction
+ BUILDING_QUEUE=queues/building
+ LOGS_DIR=logs/extraction/stats-20220724221126-2
+ '[' 1 ']'
++ find queues/extraction -type f -name '*.apk'
+ sleep 10
+ '[' 1 ']'
++ find queues/extraction -type f -name '*.apk'
+ for APK_FILE in $(find $EXTRACTION_QUEUE -type f -name \*.apk)
+ echo -n 'stating processing APK file queues/extraction/25D6E1D863C7FBD24AE105DED0AEFD139B80EE578EC925A229F66D34CEE243EC.apk ... '
stating processing APK file queues/extraction/25D6E1D863C7FBD24AE105DED0AEFD139B80EE578EC925A229F66D34CEE243EC.apk ... + '[' -f queues/extraction/25D6E1D863C7FBD24AE105DED0AEFD139B80EE578EC925A229F66D34CEE243EC.apk.OK ']'
+ continue
+ sleep 10
+ '[' 1 ']'
++ find queues/extraction -type f -name '*.apk'
+ for APK_FILE in $(find $EXTRACTION_QUEUE -type f -name \*.apk)
+ echo -n 'stating processing APK file queues/extraction/25D6E1D863C7FBD24AE105DED0AEFD139B80EE578EC925A229F66D34CEE243EC.apk ... '
stating processing APK file queues/extraction/25D6E1D863C7FBD24AE105DED0AEFD139B80EE578EC925A229F66D34CEE243EC.apk ... + '[' -f queues/extraction/25D6E1D863C7FBD24AE105DED0AEFD139B80EE578EC925A229F66D34CEE243EC.apk.OK ']'
+ continue
+ sleep 10
+ '[' 1 ']'
++ find queues/extraction -type f -name '*.apk'
+ for APK_FILE in $(find $EXTRACTION_QUEUE -type f -name \*.apk)
+ echo -n 'stating processing APK file queues/extraction/25D6E1D863C7FBD24AE105DED0AEFD139B80EE578EC925A229F66D34CEE243EC.apk ... '
stating processing APK file queues/extraction/25D6E1D863C7FBD24AE105DED0AEFD139B80EE578EC925A229F66D34CEE243EC.apk ... + '[' -f queues/extraction/25D6E1D863C7FBD24AE105DED0AEFD139B80EE578EC925A229F66D34CEE243EC.apk.OK ']'
+ continue
+ sleep 10
+ '[' 1 ']'
++ find queues/extraction -type f -name '*.apk'
+ for APK_FILE in $(find $EXTRACTION_QUEUE -type f -name \*.apk)
+ echo -n 'stating processing APK file queues/extraction/25D6E1D863C7FBD24AE105DED0AEFD139B80EE578EC925A229F66D34CEE243EC.apk ... '
stating processing APK file queues/extraction/25D6E1D863C7FBD24AE105DED0AEFD139B80EE578EC925A229F66D34CEE243EC.apk ... + '[' -f queues/extraction/25D6E1D863C7FBD24AE105DED0AEFD139B80EE578EC925A229F66D34CEE243EC.apk.OK ']'
+ continue
+ sleep 10
+ '[' 1 ']'
++ find queues/extraction -type f -name '*.apk'
+ for APK_FILE in $(find $EXTRACTION_QUEUE -type f -name \*.apk)
+ echo -n 'stating processing APK file queues/extraction/25D6E1D863C7FBD24AE105DED0AEFD139B80EE578EC925A229F66D34CEE243EC.apk ... '
stating processing APK file queues/extraction/25D6E1D863C7FBD24AE105DED0AEFD139B80EE578EC925A229F66D34CEE243EC.apk ... + '[' -f queues/extraction/25D6E1D863C7FBD24AE105DED0AEFD139B80EE578EC925A229F66D34CEE243EC.apk.OK ']'
+ continue
+ sleep 10
+ '[' 1 ']'
++ find queues/extraction -type f -name '*.apk'
+ for APK_FILE in $(find $EXTRACTION_QUEUE -type f -name \*.apk)
+ echo -n 'stating processing APK file queues/extraction/25D6E1D863C7FBD24AE105DED0AEFD139B80EE578EC925A229F66D34CEE243EC.apk ... '
stating processing APK file queues/extraction/25D6E1D863C7FBD24AE105DED0AEFD139B80EE578EC925A229F66D34CEE243EC.apk ... + '[' -f queues/extraction/25D6E1D863C7FBD24AE105DED0AEFD139B80EE578EC925A229F66D34CEE243EC.apk.OK ']'
+ continue
+ sleep 10
+ '[' 1 ']'
++ find queues/extraction -type f -name '*.apk'
+ for APK_FILE in $(find $EXTRACTION_QUEUE -type f -name \*.apk)
+ echo -n 'stating processing APK file queues/extraction/25D6E1D863C7FBD24AE105DED0AEFD139B80EE578EC925A229F66D34CEE243EC.apk ... '
stating processing APK file queues/extraction/25D6E1D863C7FBD24AE105DED0AEFD139B80EE578EC925A229F66D34CEE243EC.apk ... + '[' -f queues/extraction/25D6E1D863C7FBD24AE105DED0AEFD139B80EE578EC925A229F66D34CEE243EC.apk.OK ']'
+ continue
+ sleep 10
+ '[' 1 ']'
++ find queues/extraction -type f -name '*.apk'
+ for APK_FILE in $(find $EXTRACTION_QUEUE -type f -name \*.apk)
+ echo -n 'stating processing APK file queues/extraction/25D6E1D863C7FBD24AE105DED0AEFD139B80EE578EC925A229F66D34CEE243EC.apk ... '
stating processing APK file queues/extraction/25D6E1D863C7FBD24AE105DED0AEFD139B80EE578EC925A229F66D34CEE243EC.apk ... + '[' -f queues/extraction/25D6E1D863C7FBD24AE105DED0AEFD139B80EE578EC925A229F66D34CEE243EC.apk.OK ']'
+ continue
+ sleep 10
+ '[' 1 ']'
++ find queues/extraction -type f -name '*.apk'
+ for APK_FILE in $(find $EXTRACTION_QUEUE -type f -name \*.apk)
+ echo -n 'stating processing APK file queues/extraction/25D6E1D863C7FBD24AE105DED0AEFD139B80EE578EC925A229F66D34CEE243EC.apk ... '
stating processing APK file queues/extraction/25D6E1D863C7FBD24AE105DED0AEFD139B80EE578EC925A229F66D34CEE243EC.apk ... + '[' -f queues/extraction/25D6E1D863C7FBD24AE105DED0AEFD139B80EE578EC925A229F66D34CEE243EC.apk.OK ']'
+ continue
+ sleep 10
+ '[' 1 ']'
++ find queues/extraction -type f -name '*.apk'
+ for APK_FILE in $(find $EXTRACTION_QUEUE -type f -name \*.apk)
+ echo -n 'stating processing APK file queues/extraction/25D6E1D863C7FBD24AE105DED0AEFD139B80EE578EC925A229F66D34CEE243EC.apk ... '
stating processing APK file queues/extraction/25D6E1D863C7FBD24AE105DED0AEFD139B80EE578EC925A229F66D34CEE243EC.apk ... + '[' -f queues/extraction/25D6E1D863C7FBD24AE105DED0AEFD139B80EE578EC925A229F66D34CEE243EC.apk.OK ']'
+ continue
+ sleep 10
+ '[' 1 ']'
++ find queues/extraction -type f -name '*.apk'
+ for APK_FILE in $(find $EXTRACTION_QUEUE -type f -name \*.apk)
+ echo -n 'stating processing APK file queues/extraction/25D6E1D863C7FBD24AE105DED0AEFD139B80EE578EC925A229F66D34CEE243EC.apk ... '
stating processing APK file queues/extraction/25D6E1D863C7FBD24AE105DED0AEFD139B80EE578EC925A229F66D34CEE243EC.apk ... + '[' -f queues/extraction/25D6E1D863C7FBD24AE105DED0AEFD139B80EE578EC925A229F66D34CEE243EC.apk.OK ']'
+ continue
+ sleep 10
+ '[' 1 ']'
++ find queues/extraction -type f -name '*.apk'
+ for APK_FILE in $(find $EXTRACTION_QUEUE -type f -name \*.apk)
+ echo -n 'stating processing APK file queues/extraction/25D6E1D863C7FBD24AE105DED0AEFD139B80EE578EC925A229F66D34CEE243EC.apk ... '
stating processing APK file queues/extraction/25D6E1D863C7FBD24AE105DED0AEFD139B80EE578EC925A229F66D34CEE243EC.apk ... + '[' -f queues/extraction/25D6E1D863C7FBD24AE105DED0AEFD139B80EE578EC925A229F66D34CEE243EC.apk.OK ']'
+ continue
+ sleep 10
+ '[' 1 ']'
++ find queues/extraction -type f -name '*.apk'
+ for APK_FILE in $(find $EXTRACTION_QUEUE -type f -name \*.apk)
+ echo -n 'stating processing APK file queues/extraction/25706AA52CD3FA51753BA2957CCEDA34D22AA084C00A14E3FA5AC2F0A994E8FC.apk ... '
stating processing APK file queues/extraction/25706AA52CD3FA51753BA2957CCEDA34D22AA084C00A14E3FA5AC2F0A994E8FC.apk ... + '[' -f queues/extraction/25706AA52CD3FA51753BA2957CCEDA34D22AA084C00A14E3FA5AC2F0A994E8FC.apk.OK ']'
+ continue
+ for APK_FILE in $(find $EXTRACTION_QUEUE -type f -name \*.apk)
+ echo -n 'stating processing APK file queues/extraction/25D6E1D863C7FBD24AE105DED0AEFD139B80EE578EC925A229F66D34CEE243EC.apk ... '
stating processing APK file queues/extraction/25D6E1D863C7FBD24AE105DED0AEFD139B80EE578EC925A229F66D34CEE243EC.apk ... + '[' -f queues/extraction/25D6E1D863C7FBD24AE105DED0AEFD139B80EE578EC925A229F66D34CEE243EC.apk.OK ']'
+ set -C
+ trap 'rm -f ./queues/extraction/25D6E1D863C7FBD24AE105DED0AEFD139B80EE578EC925A229F66D34CEE243EC.apk.lock' EXIT
++ echo queues/extraction/25D6E1D863C7FBD24AE105DED0AEFD139B80EE578EC925A229F66D34CEE243EC.apk
++ sed 's/^.*\///;s/\..*$//'
+ APK_FILE_NAME=25D6E1D863C7FBD24AE105DED0AEFD139B80EE578EC925A229F66D34CEE243EC
+ /usr/bin/time -f 'queues/extraction/25D6E1D863C7FBD24AE105DED0AEFD139B80EE578EC925A229F66D34CEE243EC.apk Tempo decorrido Extracao = %e segundos, CPU = %P, Memoria = %M KiB' -a -o logs/extraction/stats-20220724221126-2/stats-25D6E1D863C7FBD24AE105DED0AEFD139B80EE578EC925A229F66D34CEE243EC.txt python3 extraction/apk_extract_features.py --apk queues/extraction/25D6E1D863C7FBD24AE105DED0AEFD139B80EE578EC925A229F66D34CEE243EC.apk --outdir queues/building --logdir logs/extraction/stats-20220724221126-2
queues/extraction/25D6E1D863C7FBD24AE105DED0AEFD139B80EE578EC925A229F66D34CEE243EC.apk removido com sucesso!!!
+ '[' -f queues/building/25D6E1D863C7FBD24AE105DED0AEFD139B80EE578EC925A229F66D34CEE243EC.csv ']'
+ touch queues/building/25D6E1D863C7FBD24AE105DED0AEFD139B80EE578EC925A229F66D34CEE243EC.csv.OK
+ echo done.
done.
+ rm -f queues/extraction/25D6E1D863C7FBD24AE105DED0AEFD139B80EE578EC925A229F66D34CEE243EC.apk.OK queues/extraction/25D6E1D863C7FBD24AE105DED0AEFD139B80EE578EC925A229F66D34CEE243EC.apk.lock
+ touch queues/extraction/25D6E1D863C7FBD24AE105DED0AEFD139B80EE578EC925A229F66D34CEE243EC.apk.extracted
+ sleep 10
+ '[' 1 ']'
++ find queues/extraction -type f -name '*.apk'
+ sleep 10
+ '[' 1 ']'
++ find queues/extraction -type f -name '*.apk'
+ sleep 10
+ '[' 1 ']'
++ find queues/extraction -type f -name '*.apk'
+ sleep 10
+ '[' 1 ']'
++ find queues/extraction -type f -name '*.apk'
+ sleep 10
+ '[' 1 ']'
++ find queues/extraction -type f -name '*.apk'
+ sleep 10
+ '[' 1 ']'
++ find queues/extraction -type f -name '*.apk'
+ sleep 10
+ '[' 1 ']'
++ find queues/extraction -type f -name '*.apk'
+ sleep 10
+ '[' 1 ']'
++ find queues/extraction -type f -name '*.apk'
+ sleep 10
+ '[' 1 ']'
++ find queues/extraction -type f -name '*.apk'
+ sleep 10
+ '[' 1 ']'
++ find queues/extraction -type f -name '*.apk'
+ sleep 10
+ '[' 1 ']'
++ find queues/extraction -type f -name '*.apk'
+ sleep 10
+ '[' 1 ']'
++ find queues/extraction -type f -name '*.apk'
+ sleep 10
+ '[' 1 ']'
++ find queues/extraction -type f -name '*.apk'
+ sleep 10
+ '[' 1 ']'
++ find queues/extraction -type f -name '*.apk'
+ sleep 10
+ '[' 1 ']'
++ find queues/extraction -type f -name '*.apk'
+ sleep 10
+ '[' 1 ']'
++ find queues/extraction -type f -name '*.apk'
+ sleep 10
+ '[' 1 ']'
++ find queues/extraction -type f -name '*.apk'
+ sleep 10
+ '[' 1 ']'
++ find queues/extraction -type f -name '*.apk'
+ sleep 10
+ '[' 1 ']'
++ find queues/extraction -type f -name '*.apk'
+ sleep 10
+ '[' 1 ']'
++ find queues/extraction -type f -name '*.apk'
+ sleep 10
+ '[' 1 ']'
++ find queues/extraction -type f -name '*.apk'
+ sleep 10
+ '[' 1 ']'
++ find queues/extraction -type f -name '*.apk'
+ sleep 10
+ '[' 1 ']'
++ find queues/extraction -type f -name '*.apk'
+ sleep 10
+ '[' 1 ']'
++ find queues/extraction -type f -name '*.apk'
+ sleep 10
+ '[' 1 ']'
++ find queues/extraction -type f -name '*.apk'
+ sleep 10
+ '[' 1 ']'
++ find queues/extraction -type f -name '*.apk'
+ sleep 10
+ '[' 1 ']'
++ find queues/extraction -type f -name '*.apk'
+ sleep 10
+ '[' 1 ']'
++ find queues/extraction -type f -name '*.apk'
+ sleep 10
+ '[' 1 ']'
++ find queues/extraction -type f -name '*.apk'
+ sleep 10
+ '[' 1 ']'
++ find queues/extraction -type f -name '*.apk'
+ sleep 10
+ '[' 1 ']'
++ find queues/extraction -type f -name '*.apk'
+ sleep 10
+ '[' 1 ']'
++ find queues/extraction -type f -name '*.apk'
+ sleep 10
+ '[' 1 ']'
++ find queues/extraction -type f -name '*.apk'
+ sleep 10
+ '[' 1 ']'
++ find queues/extraction -type f -name '*.apk'
+ sleep 10
+ '[' 1 ']'
++ find queues/extraction -type f -name '*.apk'
+ sleep 10
+ '[' 1 ']'
++ find queues/extraction -type f -name '*.apk'
+ sleep 10
+ '[' 1 ']'
++ find queues/extraction -type f -name '*.apk'
+ sleep 10
+ '[' 1 ']'
++ find queues/extraction -type f -name '*.apk'
+ sleep 10
+ '[' 1 ']'
++ find queues/extraction -type f -name '*.apk'
+ sleep 10
+ '[' 1 ']'
++ find queues/extraction -type f -name '*.apk'
+ sleep 10
+ '[' 1 ']'
++ find queues/extraction -type f -name '*.apk'
+ sleep 10
+ '[' 1 ']'
++ find queues/extraction -type f -name '*.apk'
+ sleep 10
+ '[' 1 ']'
++ find queues/extraction -type f -name '*.apk'
+ sleep 10
+ '[' 1 ']'
++ find queues/extraction -type f -name '*.apk'
+ sleep 10
+ '[' 1 ']'
++ find queues/extraction -type f -name '*.apk'
+ sleep 10
+ '[' 1 ']'
++ find queues/extraction -type f -name '*.apk'
+ sleep 10
+ '[' 1 ']'
++ find queues/extraction -type f -name '*.apk'
+ sleep 10
+ '[' 1 ']'
++ find queues/extraction -type f -name '*.apk'
+ sleep 10
+ '[' 1 ']'
++ find queues/extraction -type f -name '*.apk'
+ sleep 10
+ '[' 1 ']'
++ find queues/extraction -type f -name '*.apk'
+ sleep 10
+ '[' 1 ']'
++ find queues/extraction -type f -name '*.apk'
+ sleep 10
+ '[' 1 ']'
++ find queues/extraction -type f -name '*.apk'
+ sleep 10
+ '[' 1 ']'
++ find queues/extraction -type f -name '*.apk'
+ sleep 10
+ '[' 1 ']'
++ find queues/extraction -type f -name '*.apk'
+ sleep 10
+ '[' 1 ']'
++ find queues/extraction -type f -name '*.apk'
+ sleep 10
+ '[' 1 ']'
++ find queues/extraction -type f -name '*.apk'
+ sleep 10
+ '[' 1 ']'
++ find queues/extraction -type f -name '*.apk'
+ sleep 10
+ '[' 1 ']'
++ find queues/extraction -type f -name '*.apk'
+ sleep 10
+ '[' 1 ']'
++ find queues/extraction -type f -name '*.apk'
+ sleep 10
+ '[' 1 ']'
++ find queues/extraction -type f -name '*.apk'
+ sleep 10
+ '[' 1 ']'
++ find queues/extraction -type f -name '*.apk'
+ sleep 10
+ '[' 1 ']'
++ find queues/extraction -type f -name '*.apk'
+ sleep 10
+ '[' 1 ']'
++ find queues/extraction -type f -name '*.apk'
+ sleep 10
+ '[' 1 ']'
++ find queues/extraction -type f -name '*.apk'
+ sleep 10
+ '[' 1 ']'
++ find queues/extraction -type f -name '*.apk'
+ sleep 10
+ '[' 1 ']'
++ find queues/extraction -type f -name '*.apk'
+ sleep 10
+ '[' 1 ']'
++ find queues/extraction -type f -name '*.apk'
+ sleep 10
+ '[' 1 ']'
++ find queues/extraction -type f -name '*.apk'
+ sleep 10
+ '[' 1 ']'
++ find queues/extraction -type f -name '*.apk'
+ sleep 10
+ '[' 1 ']'
++ find queues/extraction -type f -name '*.apk'
+ sleep 10
+ '[' 1 ']'
++ find queues/extraction -type f -name '*.apk'
+ sleep 10
+ '[' 1 ']'
++ find queues/extraction -type f -name '*.apk'
+ sleep 10
+ '[' 1 ']'
++ find queues/extraction -type f -name '*.apk'
+ sleep 10
+ '[' 1 ']'
++ find queues/extraction -type f -name '*.apk'
+ sleep 10
+ '[' 1 ']'
++ find queues/extraction -type f -name '*.apk'
+ sleep 10
+ '[' 1 ']'
++ find queues/extraction -type f -name '*.apk'
+ sleep 10
+ '[' 1 ']'
++ find queues/extraction -type f -name '*.apk'
+ sleep 10
+ '[' 1 ']'
++ find queues/extraction -type f -name '*.apk'
+ sleep 10
+ '[' 1 ']'
++ find queues/extraction -type f -name '*.apk'
+ sleep 10
+ '[' 1 ']'
++ find queues/extraction -type f -name '*.apk'
+ sleep 10
+ '[' 1 ']'
++ find queues/extraction -type f -name '*.apk'
+ sleep 10
++ rm -f ./queues/extraction/25D6E1D863C7FBD24AE105DED0AEFD139B80EE578EC925A229F66D34CEE243EC.apk.lock
