+ '[' -d queues/extraction ']'
+ '[' -d queues/building ']'
+ '[' -d logs/extraction/stats-20220722040939-3 ']'
+ EXTRACTION_QUEUE=queues/extraction
+ BUILDING_QUEUE=queues/building
+ LOGS_DIR=logs/extraction/stats-20220722040939-3
+ '[' 1 ']'
++ find queues/extraction -type f -name '*.apk'
+ for APK_FILE in $(find $EXTRACTION_QUEUE -type f -name \*.apk)
+ echo -n 'stating processing APK file queues/extraction/028F26390A79C1722F56E730A4AAB5019FFCA4A39B578210D228B4330EBF74BC.apk ... '
stating processing APK file queues/extraction/028F26390A79C1722F56E730A4AAB5019FFCA4A39B578210D228B4330EBF74BC.apk ... + '[' -f queues/extraction/028F26390A79C1722F56E730A4AAB5019FFCA4A39B578210D228B4330EBF74BC.apk.OK ']'
+ set -C
+ continue
+ for APK_FILE in $(find $EXTRACTION_QUEUE -type f -name \*.apk)
+ echo -n 'stating processing APK file queues/extraction/25706AA52CD3FA51753BA2957CCEDA34D22AA084C00A14E3FA5AC2F0A994E8FC.apk ... '
stating processing APK file queues/extraction/25706AA52CD3FA51753BA2957CCEDA34D22AA084C00A14E3FA5AC2F0A994E8FC.apk ... + '[' -f queues/extraction/25706AA52CD3FA51753BA2957CCEDA34D22AA084C00A14E3FA5AC2F0A994E8FC.apk.OK ']'
+ set -C
+ continue
+ for APK_FILE in $(find $EXTRACTION_QUEUE -type f -name \*.apk)
+ echo -n 'stating processing APK file queues/extraction/2570E36A4B90B60D2D35D367EC29F33E77B0F851D5B3326568FCBBABC363E891.apk ... '
stating processing APK file queues/extraction/2570E36A4B90B60D2D35D367EC29F33E77B0F851D5B3326568FCBBABC363E891.apk ... + '[' -f queues/extraction/2570E36A4B90B60D2D35D367EC29F33E77B0F851D5B3326568FCBBABC363E891.apk.OK ']'
+ set -C
+ trap 'rm -f ./queues/extraction/2570E36A4B90B60D2D35D367EC29F33E77B0F851D5B3326568FCBBABC363E891.apk.lock' EXIT
++ echo queues/extraction/2570E36A4B90B60D2D35D367EC29F33E77B0F851D5B3326568FCBBABC363E891.apk
++ sed 's/^.*\///;s/\..*$//'
+ APK_FILE_NAME=2570E36A4B90B60D2D35D367EC29F33E77B0F851D5B3326568FCBBABC363E891
+ /usr/bin/time -f 'queues/extraction/2570E36A4B90B60D2D35D367EC29F33E77B0F851D5B3326568FCBBABC363E891.apk Tempo decorrido Extracao = %e segundos, CPU = %P, Memoria = %M KiB' -a -o logs/extraction/stats-20220722040939-3/stats-2570E36A4B90B60D2D35D367EC29F33E77B0F851D5B3326568FCBBABC363E891.txt python3 extraction/apk_extract_features.py --apk queues/extraction/2570E36A4B90B60D2D35D367EC29F33E77B0F851D5B3326568FCBBABC363E891.apk --outdir queues/building --logdir logs/extraction/stats-20220722040939-3
Requested API level 30 is larger than maximum we have, returning API level 28 instead.
queues/extraction/2570E36A4B90B60D2D35D367EC29F33E77B0F851D5B3326568FCBBABC363E891.apk removido com sucesso!!!
+ '[' -f queues/building/2570E36A4B90B60D2D35D367EC29F33E77B0F851D5B3326568FCBBABC363E891.csv ']'
+ touch queues/building/2570E36A4B90B60D2D35D367EC29F33E77B0F851D5B3326568FCBBABC363E891.csv.OK
+ echo done.
done.
+ rm -f queues/extraction/2570E36A4B90B60D2D35D367EC29F33E77B0F851D5B3326568FCBBABC363E891.apk.OK queues/extraction/2570E36A4B90B60D2D35D367EC29F33E77B0F851D5B3326568FCBBABC363E891.apk.lock
+ touch queues/extraction/2570E36A4B90B60D2D35D367EC29F33E77B0F851D5B3326568FCBBABC363E891.apk.extracted
+ for APK_FILE in $(find $EXTRACTION_QUEUE -type f -name \*.apk)
+ echo -n 'stating processing APK file queues/extraction/25D6D8D5DFAB945EE0DF899E3F06F35BBC19318CDCD2672D61298781B6037BF6.apk ... '
stating processing APK file queues/extraction/25D6D8D5DFAB945EE0DF899E3F06F35BBC19318CDCD2672D61298781B6037BF6.apk ... + '[' -f queues/extraction/25D6D8D5DFAB945EE0DF899E3F06F35BBC19318CDCD2672D61298781B6037BF6.apk.OK ']'
+ set -C
+ continue
+ for APK_FILE in $(find $EXTRACTION_QUEUE -type f -name \*.apk)
+ echo -n 'stating processing APK file queues/extraction/25D6E1D863C7FBD24AE105DED0AEFD139B80EE578EC925A229F66D34CEE243EC.apk ... '
stating processing APK file queues/extraction/25D6E1D863C7FBD24AE105DED0AEFD139B80EE578EC925A229F66D34CEE243EC.apk ... + '[' -f queues/extraction/25D6E1D863C7FBD24AE105DED0AEFD139B80EE578EC925A229F66D34CEE243EC.apk.OK ']'
+ set -C
+ trap 'rm -f ./queues/extraction/25D6E1D863C7FBD24AE105DED0AEFD139B80EE578EC925A229F66D34CEE243EC.apk.lock' EXIT
++ echo queues/extraction/25D6E1D863C7FBD24AE105DED0AEFD139B80EE578EC925A229F66D34CEE243EC.apk
++ sed 's/^.*\///;s/\..*$//'
+ APK_FILE_NAME=25D6E1D863C7FBD24AE105DED0AEFD139B80EE578EC925A229F66D34CEE243EC
+ /usr/bin/time -f 'queues/extraction/25D6E1D863C7FBD24AE105DED0AEFD139B80EE578EC925A229F66D34CEE243EC.apk Tempo decorrido Extracao = %e segundos, CPU = %P, Memoria = %M KiB' -a -o logs/extraction/stats-20220722040939-3/stats-25D6E1D863C7FBD24AE105DED0AEFD139B80EE578EC925A229F66D34CEE243EC.txt python3 extraction/apk_extract_features.py --apk queues/extraction/25D6E1D863C7FBD24AE105DED0AEFD139B80EE578EC925A229F66D34CEE243EC.apk --outdir queues/building --logdir logs/extraction/stats-20220722040939-3
queues/extraction/25D6E1D863C7FBD24AE105DED0AEFD139B80EE578EC925A229F66D34CEE243EC.apk removido com sucesso!!!
+ '[' -f queues/building/25D6E1D863C7FBD24AE105DED0AEFD139B80EE578EC925A229F66D34CEE243EC.csv ']'
+ touch queues/building/25D6E1D863C7FBD24AE105DED0AEFD139B80EE578EC925A229F66D34CEE243EC.csv.OK
+ echo done.
done.
+ rm -f queues/extraction/25D6E1D863C7FBD24AE105DED0AEFD139B80EE578EC925A229F66D34CEE243EC.apk.OK queues/extraction/25D6E1D863C7FBD24AE105DED0AEFD139B80EE578EC925A229F66D34CEE243EC.apk.lock
+ touch queues/extraction/25D6E1D863C7FBD24AE105DED0AEFD139B80EE578EC925A229F66D34CEE243EC.apk.extracted
+ for APK_FILE in $(find $EXTRACTION_QUEUE -type f -name \*.apk)
+ echo -n 'stating processing APK file queues/extraction/25d6f36260bf081c928ff7ca9b0e20dd2e271d91ad1afc9dc815d226350b8776.apk ... '
stating processing APK file queues/extraction/25d6f36260bf081c928ff7ca9b0e20dd2e271d91ad1afc9dc815d226350b8776.apk ... + '[' -f queues/extraction/25d6f36260bf081c928ff7ca9b0e20dd2e271d91ad1afc9dc815d226350b8776.apk.OK ']'
+ continue
+ for APK_FILE in $(find $EXTRACTION_QUEUE -type f -name \*.apk)
+ echo -n 'stating processing APK file queues/extraction/25D7BB0E1B098762F3F5969B1DB84AED22E6003C2AE1F2D51601D27C0A1CC68B.apk ... '
stating processing APK file queues/extraction/25D7BB0E1B098762F3F5969B1DB84AED22E6003C2AE1F2D51601D27C0A1CC68B.apk ... + '[' -f queues/extraction/25D7BB0E1B098762F3F5969B1DB84AED22E6003C2AE1F2D51601D27C0A1CC68B.apk.OK ']'
+ continue
+ for APK_FILE in $(find $EXTRACTION_QUEUE -type f -name \*.apk)
+ echo -n 'stating processing APK file queues/extraction/25D8C05A54F6DE5F466BF2B4C90D454B8DFFD04ABA11978E7B736F689E43F1D6.apk ... '
stating processing APK file queues/extraction/25D8C05A54F6DE5F466BF2B4C90D454B8DFFD04ABA11978E7B736F689E43F1D6.apk ... + '[' -f queues/extraction/25D8C05A54F6DE5F466BF2B4C90D454B8DFFD04ABA11978E7B736F689E43F1D6.apk.OK ']'
+ continue
+ for APK_FILE in $(find $EXTRACTION_QUEUE -type f -name \*.apk)
+ echo -n 'stating processing APK file queues/extraction/25D9F53984BF1B8F5B83BC528B17C60DF6E2A261AFB03834225B51BFDF856AA7.apk ... '
stating processing APK file queues/extraction/25D9F53984BF1B8F5B83BC528B17C60DF6E2A261AFB03834225B51BFDF856AA7.apk ... + '[' -f queues/extraction/25D9F53984BF1B8F5B83BC528B17C60DF6E2A261AFB03834225B51BFDF856AA7.apk.OK ']'
+ continue
+ for APK_FILE in $(find $EXTRACTION_QUEUE -type f -name \*.apk)
+ echo -n 'stating processing APK file queues/extraction/25DA0BCE152ECCD0432F2127D1A4FD5269899670AFEE3C96FC0266C9ABBD9194.apk ... '
stating processing APK file queues/extraction/25DA0BCE152ECCD0432F2127D1A4FD5269899670AFEE3C96FC0266C9ABBD9194.apk ... + '[' -f queues/extraction/25DA0BCE152ECCD0432F2127D1A4FD5269899670AFEE3C96FC0266C9ABBD9194.apk.OK ']'
+ set -C
+ continue
+ sleep 10
+ '[' 1 ']'
++ find queues/extraction -type f -name '*.apk'
+ for APK_FILE in $(find $EXTRACTION_QUEUE -type f -name \*.apk)
+ echo -n 'stating processing APK file queues/extraction/25D6D8D5DFAB945EE0DF899E3F06F35BBC19318CDCD2672D61298781B6037BF6.apk ... '
stating processing APK file queues/extraction/25D6D8D5DFAB945EE0DF899E3F06F35BBC19318CDCD2672D61298781B6037BF6.apk ... + '[' -f queues/extraction/25D6D8D5DFAB945EE0DF899E3F06F35BBC19318CDCD2672D61298781B6037BF6.apk.OK ']'
+ set -C
+ continue
+ sleep 10
+ '[' 1 ']'
++ find queues/extraction -type f -name '*.apk'
+ for APK_FILE in $(find $EXTRACTION_QUEUE -type f -name \*.apk)
+ echo -n 'stating processing APK file queues/extraction/25D6D8D5DFAB945EE0DF899E3F06F35BBC19318CDCD2672D61298781B6037BF6.apk ... '
stating processing APK file queues/extraction/25D6D8D5DFAB945EE0DF899E3F06F35BBC19318CDCD2672D61298781B6037BF6.apk ... + '[' -f queues/extraction/25D6D8D5DFAB945EE0DF899E3F06F35BBC19318CDCD2672D61298781B6037BF6.apk.OK ']'
+ set -C
+ continue
+ sleep 10
+ '[' 1 ']'
++ find queues/extraction -type f -name '*.apk'
+ for APK_FILE in $(find $EXTRACTION_QUEUE -type f -name \*.apk)
+ echo -n 'stating processing APK file queues/extraction/25D6D8D5DFAB945EE0DF899E3F06F35BBC19318CDCD2672D61298781B6037BF6.apk ... '
stating processing APK file queues/extraction/25D6D8D5DFAB945EE0DF899E3F06F35BBC19318CDCD2672D61298781B6037BF6.apk ... + '[' -f queues/extraction/25D6D8D5DFAB945EE0DF899E3F06F35BBC19318CDCD2672D61298781B6037BF6.apk.OK ']'
+ set -C
+ continue
+ sleep 10
+ '[' 1 ']'
++ find queues/extraction -type f -name '*.apk'
+ for APK_FILE in $(find $EXTRACTION_QUEUE -type f -name \*.apk)
+ echo -n 'stating processing APK file queues/extraction/25D6D8D5DFAB945EE0DF899E3F06F35BBC19318CDCD2672D61298781B6037BF6.apk ... '
stating processing APK file queues/extraction/25D6D8D5DFAB945EE0DF899E3F06F35BBC19318CDCD2672D61298781B6037BF6.apk ... + '[' -f queues/extraction/25D6D8D5DFAB945EE0DF899E3F06F35BBC19318CDCD2672D61298781B6037BF6.apk.OK ']'
+ set -C
+ continue
+ sleep 10
+ '[' 1 ']'
++ find queues/extraction -type f -name '*.apk'
+ for APK_FILE in $(find $EXTRACTION_QUEUE -type f -name \*.apk)
+ echo -n 'stating processing APK file queues/extraction/25D6D8D5DFAB945EE0DF899E3F06F35BBC19318CDCD2672D61298781B6037BF6.apk ... '
stating processing APK file queues/extraction/25D6D8D5DFAB945EE0DF899E3F06F35BBC19318CDCD2672D61298781B6037BF6.apk ... + '[' -f queues/extraction/25D6D8D5DFAB945EE0DF899E3F06F35BBC19318CDCD2672D61298781B6037BF6.apk.OK ']'
+ set -C
+ continue
+ sleep 10
+ '[' 1 ']'
++ find queues/extraction -type f -name '*.apk'
+ for APK_FILE in $(find $EXTRACTION_QUEUE -type f -name \*.apk)
+ echo -n 'stating processing APK file queues/extraction/25D6D8D5DFAB945EE0DF899E3F06F35BBC19318CDCD2672D61298781B6037BF6.apk ... '
stating processing APK file queues/extraction/25D6D8D5DFAB945EE0DF899E3F06F35BBC19318CDCD2672D61298781B6037BF6.apk ... + '[' -f queues/extraction/25D6D8D5DFAB945EE0DF899E3F06F35BBC19318CDCD2672D61298781B6037BF6.apk.OK ']'
+ set -C
+ continue
+ sleep 10
+ '[' 1 ']'
++ find queues/extraction -type f -name '*.apk'
+ for APK_FILE in $(find $EXTRACTION_QUEUE -type f -name \*.apk)
+ echo -n 'stating processing APK file queues/extraction/25D6D8D5DFAB945EE0DF899E3F06F35BBC19318CDCD2672D61298781B6037BF6.apk ... '
stating processing APK file queues/extraction/25D6D8D5DFAB945EE0DF899E3F06F35BBC19318CDCD2672D61298781B6037BF6.apk ... + '[' -f queues/extraction/25D6D8D5DFAB945EE0DF899E3F06F35BBC19318CDCD2672D61298781B6037BF6.apk.OK ']'
+ set -C
+ continue
+ sleep 10
+ '[' 1 ']'
++ find queues/extraction -type f -name '*.apk'
+ for APK_FILE in $(find $EXTRACTION_QUEUE -type f -name \*.apk)
+ echo -n 'stating processing APK file queues/extraction/25D6D8D5DFAB945EE0DF899E3F06F35BBC19318CDCD2672D61298781B6037BF6.apk ... '
stating processing APK file queues/extraction/25D6D8D5DFAB945EE0DF899E3F06F35BBC19318CDCD2672D61298781B6037BF6.apk ... + '[' -f queues/extraction/25D6D8D5DFAB945EE0DF899E3F06F35BBC19318CDCD2672D61298781B6037BF6.apk.OK ']'
+ set -C
+ continue
+ sleep 10
+ '[' 1 ']'
++ find queues/extraction -type f -name '*.apk'
+ for APK_FILE in $(find $EXTRACTION_QUEUE -type f -name \*.apk)
+ echo -n 'stating processing APK file queues/extraction/25D6D8D5DFAB945EE0DF899E3F06F35BBC19318CDCD2672D61298781B6037BF6.apk ... '
stating processing APK file queues/extraction/25D6D8D5DFAB945EE0DF899E3F06F35BBC19318CDCD2672D61298781B6037BF6.apk ... + '[' -f queues/extraction/25D6D8D5DFAB945EE0DF899E3F06F35BBC19318CDCD2672D61298781B6037BF6.apk.OK ']'
+ set -C
+ continue
+ sleep 10
+ '[' 1 ']'
++ find queues/extraction -type f -name '*.apk'
+ for APK_FILE in $(find $EXTRACTION_QUEUE -type f -name \*.apk)
+ echo -n 'stating processing APK file queues/extraction/25D6D8D5DFAB945EE0DF899E3F06F35BBC19318CDCD2672D61298781B6037BF6.apk ... '
stating processing APK file queues/extraction/25D6D8D5DFAB945EE0DF899E3F06F35BBC19318CDCD2672D61298781B6037BF6.apk ... + '[' -f queues/extraction/25D6D8D5DFAB945EE0DF899E3F06F35BBC19318CDCD2672D61298781B6037BF6.apk.OK ']'
+ set -C
+ continue
+ sleep 10
+ '[' 1 ']'
++ find queues/extraction -type f -name '*.apk'
+ for APK_FILE in $(find $EXTRACTION_QUEUE -type f -name \*.apk)
+ echo -n 'stating processing APK file queues/extraction/25D6D8D5DFAB945EE0DF899E3F06F35BBC19318CDCD2672D61298781B6037BF6.apk ... '
stating processing APK file queues/extraction/25D6D8D5DFAB945EE0DF899E3F06F35BBC19318CDCD2672D61298781B6037BF6.apk ... + '[' -f queues/extraction/25D6D8D5DFAB945EE0DF899E3F06F35BBC19318CDCD2672D61298781B6037BF6.apk.OK ']'
+ set -C
+ continue
+ sleep 10
+ '[' 1 ']'
++ find queues/extraction -type f -name '*.apk'
+ for APK_FILE in $(find $EXTRACTION_QUEUE -type f -name \*.apk)
+ echo -n 'stating processing APK file queues/extraction/25D6D8D5DFAB945EE0DF899E3F06F35BBC19318CDCD2672D61298781B6037BF6.apk ... '
stating processing APK file queues/extraction/25D6D8D5DFAB945EE0DF899E3F06F35BBC19318CDCD2672D61298781B6037BF6.apk ... + '[' -f queues/extraction/25D6D8D5DFAB945EE0DF899E3F06F35BBC19318CDCD2672D61298781B6037BF6.apk.OK ']'
+ set -C
+ continue
+ sleep 10
+ '[' 1 ']'
++ find queues/extraction -type f -name '*.apk'
+ for APK_FILE in $(find $EXTRACTION_QUEUE -type f -name \*.apk)
+ echo -n 'stating processing APK file queues/extraction/25D6D8D5DFAB945EE0DF899E3F06F35BBC19318CDCD2672D61298781B6037BF6.apk ... '
stating processing APK file queues/extraction/25D6D8D5DFAB945EE0DF899E3F06F35BBC19318CDCD2672D61298781B6037BF6.apk ... + '[' -f queues/extraction/25D6D8D5DFAB945EE0DF899E3F06F35BBC19318CDCD2672D61298781B6037BF6.apk.OK ']'
+ set -C
+ continue
+ sleep 10
+ '[' 1 ']'
++ find queues/extraction -type f -name '*.apk'
+ for APK_FILE in $(find $EXTRACTION_QUEUE -type f -name \*.apk)
+ echo -n 'stating processing APK file queues/extraction/25D6D8D5DFAB945EE0DF899E3F06F35BBC19318CDCD2672D61298781B6037BF6.apk ... '
stating processing APK file queues/extraction/25D6D8D5DFAB945EE0DF899E3F06F35BBC19318CDCD2672D61298781B6037BF6.apk ... + '[' -f queues/extraction/25D6D8D5DFAB945EE0DF899E3F06F35BBC19318CDCD2672D61298781B6037BF6.apk.OK ']'
+ set -C
+ continue
+ sleep 10
+ '[' 1 ']'
++ find queues/extraction -type f -name '*.apk'
+ for APK_FILE in $(find $EXTRACTION_QUEUE -type f -name \*.apk)
+ echo -n 'stating processing APK file queues/extraction/25D6D8D5DFAB945EE0DF899E3F06F35BBC19318CDCD2672D61298781B6037BF6.apk ... '
stating processing APK file queues/extraction/25D6D8D5DFAB945EE0DF899E3F06F35BBC19318CDCD2672D61298781B6037BF6.apk ... + '[' -f queues/extraction/25D6D8D5DFAB945EE0DF899E3F06F35BBC19318CDCD2672D61298781B6037BF6.apk.OK ']'
+ set -C
+ continue
+ sleep 10
+ '[' 1 ']'
++ find queues/extraction -type f -name '*.apk'
+ for APK_FILE in $(find $EXTRACTION_QUEUE -type f -name \*.apk)
+ echo -n 'stating processing APK file queues/extraction/25D6D8D5DFAB945EE0DF899E3F06F35BBC19318CDCD2672D61298781B6037BF6.apk ... '
stating processing APK file queues/extraction/25D6D8D5DFAB945EE0DF899E3F06F35BBC19318CDCD2672D61298781B6037BF6.apk ... + '[' -f queues/extraction/25D6D8D5DFAB945EE0DF899E3F06F35BBC19318CDCD2672D61298781B6037BF6.apk.OK ']'
+ set -C
+ continue
+ sleep 10
+ '[' 1 ']'
++ find queues/extraction -type f -name '*.apk'
+ for APK_FILE in $(find $EXTRACTION_QUEUE -type f -name \*.apk)
+ echo -n 'stating processing APK file queues/extraction/25D6D8D5DFAB945EE0DF899E3F06F35BBC19318CDCD2672D61298781B6037BF6.apk ... '
stating processing APK file queues/extraction/25D6D8D5DFAB945EE0DF899E3F06F35BBC19318CDCD2672D61298781B6037BF6.apk ... + '[' -f queues/extraction/25D6D8D5DFAB945EE0DF899E3F06F35BBC19318CDCD2672D61298781B6037BF6.apk.OK ']'
+ set -C
+ continue
+ sleep 10
+ '[' 1 ']'
++ find queues/extraction -type f -name '*.apk'
+ for APK_FILE in $(find $EXTRACTION_QUEUE -type f -name \*.apk)
+ echo -n 'stating processing APK file queues/extraction/25D6D8D5DFAB945EE0DF899E3F06F35BBC19318CDCD2672D61298781B6037BF6.apk ... '
stating processing APK file queues/extraction/25D6D8D5DFAB945EE0DF899E3F06F35BBC19318CDCD2672D61298781B6037BF6.apk ... + '[' -f queues/extraction/25D6D8D5DFAB945EE0DF899E3F06F35BBC19318CDCD2672D61298781B6037BF6.apk.OK ']'
+ set -C
+ continue
+ sleep 10
+ '[' 1 ']'
++ find queues/extraction -type f -name '*.apk'
+ for APK_FILE in $(find $EXTRACTION_QUEUE -type f -name \*.apk)
+ echo -n 'stating processing APK file queues/extraction/25D6D8D5DFAB945EE0DF899E3F06F35BBC19318CDCD2672D61298781B6037BF6.apk ... '
stating processing APK file queues/extraction/25D6D8D5DFAB945EE0DF899E3F06F35BBC19318CDCD2672D61298781B6037BF6.apk ... + '[' -f queues/extraction/25D6D8D5DFAB945EE0DF899E3F06F35BBC19318CDCD2672D61298781B6037BF6.apk.OK ']'
+ set -C
+ continue
+ sleep 10
+ '[' 1 ']'
++ find queues/extraction -type f -name '*.apk'
+ for APK_FILE in $(find $EXTRACTION_QUEUE -type f -name \*.apk)
+ echo -n 'stating processing APK file queues/extraction/25D6D8D5DFAB945EE0DF899E3F06F35BBC19318CDCD2672D61298781B6037BF6.apk ... '
stating processing APK file queues/extraction/25D6D8D5DFAB945EE0DF899E3F06F35BBC19318CDCD2672D61298781B6037BF6.apk ... + '[' -f queues/extraction/25D6D8D5DFAB945EE0DF899E3F06F35BBC19318CDCD2672D61298781B6037BF6.apk.OK ']'
+ set -C
+ continue
+ sleep 10
+ '[' 1 ']'
++ find queues/extraction -type f -name '*.apk'
+ for APK_FILE in $(find $EXTRACTION_QUEUE -type f -name \*.apk)
+ echo -n 'stating processing APK file queues/extraction/25D6D8D5DFAB945EE0DF899E3F06F35BBC19318CDCD2672D61298781B6037BF6.apk ... '
stating processing APK file queues/extraction/25D6D8D5DFAB945EE0DF899E3F06F35BBC19318CDCD2672D61298781B6037BF6.apk ... + '[' -f queues/extraction/25D6D8D5DFAB945EE0DF899E3F06F35BBC19318CDCD2672D61298781B6037BF6.apk.OK ']'
+ set -C
+ continue
+ sleep 10
+ '[' 1 ']'
++ find queues/extraction -type f -name '*.apk'
+ for APK_FILE in $(find $EXTRACTION_QUEUE -type f -name \*.apk)
+ echo -n 'stating processing APK file queues/extraction/25D6D8D5DFAB945EE0DF899E3F06F35BBC19318CDCD2672D61298781B6037BF6.apk ... '
stating processing APK file queues/extraction/25D6D8D5DFAB945EE0DF899E3F06F35BBC19318CDCD2672D61298781B6037BF6.apk ... + '[' -f queues/extraction/25D6D8D5DFAB945EE0DF899E3F06F35BBC19318CDCD2672D61298781B6037BF6.apk.OK ']'
+ set -C
+ continue
+ sleep 10
+ '[' 1 ']'
++ find queues/extraction -type f -name '*.apk'
+ for APK_FILE in $(find $EXTRACTION_QUEUE -type f -name \*.apk)
+ echo -n 'stating processing APK file queues/extraction/25D6D8D5DFAB945EE0DF899E3F06F35BBC19318CDCD2672D61298781B6037BF6.apk ... '
stating processing APK file queues/extraction/25D6D8D5DFAB945EE0DF899E3F06F35BBC19318CDCD2672D61298781B6037BF6.apk ... + '[' -f queues/extraction/25D6D8D5DFAB945EE0DF899E3F06F35BBC19318CDCD2672D61298781B6037BF6.apk.OK ']'
+ set -C
+ continue
+ sleep 10
+ '[' 1 ']'
++ find queues/extraction -type f -name '*.apk'
+ for APK_FILE in $(find $EXTRACTION_QUEUE -type f -name \*.apk)
+ echo -n 'stating processing APK file queues/extraction/25D6D8D5DFAB945EE0DF899E3F06F35BBC19318CDCD2672D61298781B6037BF6.apk ... '
stating processing APK file queues/extraction/25D6D8D5DFAB945EE0DF899E3F06F35BBC19318CDCD2672D61298781B6037BF6.apk ... + '[' -f queues/extraction/25D6D8D5DFAB945EE0DF899E3F06F35BBC19318CDCD2672D61298781B6037BF6.apk.OK ']'
+ set -C
+ continue
+ sleep 10
+ '[' 1 ']'
++ find queues/extraction -type f -name '*.apk'
+ for APK_FILE in $(find $EXTRACTION_QUEUE -type f -name \*.apk)
+ echo -n 'stating processing APK file queues/extraction/25D6D8D5DFAB945EE0DF899E3F06F35BBC19318CDCD2672D61298781B6037BF6.apk ... '
stating processing APK file queues/extraction/25D6D8D5DFAB945EE0DF899E3F06F35BBC19318CDCD2672D61298781B6037BF6.apk ... + '[' -f queues/extraction/25D6D8D5DFAB945EE0DF899E3F06F35BBC19318CDCD2672D61298781B6037BF6.apk.OK ']'
+ set -C
+ continue
+ sleep 10
+ '[' 1 ']'
++ find queues/extraction -type f -name '*.apk'
+ for APK_FILE in $(find $EXTRACTION_QUEUE -type f -name \*.apk)
+ echo -n 'stating processing APK file queues/extraction/25D6D8D5DFAB945EE0DF899E3F06F35BBC19318CDCD2672D61298781B6037BF6.apk ... '
stating processing APK file queues/extraction/25D6D8D5DFAB945EE0DF899E3F06F35BBC19318CDCD2672D61298781B6037BF6.apk ... + '[' -f queues/extraction/25D6D8D5DFAB945EE0DF899E3F06F35BBC19318CDCD2672D61298781B6037BF6.apk.OK ']'
+ set -C
+ continue
+ sleep 10
+ '[' 1 ']'
++ find queues/extraction -type f -name '*.apk'
+ for APK_FILE in $(find $EXTRACTION_QUEUE -type f -name \*.apk)
+ echo -n 'stating processing APK file queues/extraction/25D6D8D5DFAB945EE0DF899E3F06F35BBC19318CDCD2672D61298781B6037BF6.apk ... '
stating processing APK file queues/extraction/25D6D8D5DFAB945EE0DF899E3F06F35BBC19318CDCD2672D61298781B6037BF6.apk ... + '[' -f queues/extraction/25D6D8D5DFAB945EE0DF899E3F06F35BBC19318CDCD2672D61298781B6037BF6.apk.OK ']'
+ set -C
+ continue
+ sleep 10
+ '[' 1 ']'
++ find queues/extraction -type f -name '*.apk'
+ for APK_FILE in $(find $EXTRACTION_QUEUE -type f -name \*.apk)
+ echo -n 'stating processing APK file queues/extraction/25D6D8D5DFAB945EE0DF899E3F06F35BBC19318CDCD2672D61298781B6037BF6.apk ... '
stating processing APK file queues/extraction/25D6D8D5DFAB945EE0DF899E3F06F35BBC19318CDCD2672D61298781B6037BF6.apk ... + '[' -f queues/extraction/25D6D8D5DFAB945EE0DF899E3F06F35BBC19318CDCD2672D61298781B6037BF6.apk.OK ']'
+ set -C
+ continue
+ sleep 10
+ '[' 1 ']'
++ find queues/extraction -type f -name '*.apk'
+ for APK_FILE in $(find $EXTRACTION_QUEUE -type f -name \*.apk)
+ echo -n 'stating processing APK file queues/extraction/25D6D8D5DFAB945EE0DF899E3F06F35BBC19318CDCD2672D61298781B6037BF6.apk ... '
stating processing APK file queues/extraction/25D6D8D5DFAB945EE0DF899E3F06F35BBC19318CDCD2672D61298781B6037BF6.apk ... + '[' -f queues/extraction/25D6D8D5DFAB945EE0DF899E3F06F35BBC19318CDCD2672D61298781B6037BF6.apk.OK ']'
+ set -C
+ continue
+ sleep 10
+ '[' 1 ']'
++ find queues/extraction -type f -name '*.apk'
+ for APK_FILE in $(find $EXTRACTION_QUEUE -type f -name \*.apk)
+ echo -n 'stating processing APK file queues/extraction/25D6D8D5DFAB945EE0DF899E3F06F35BBC19318CDCD2672D61298781B6037BF6.apk ... '
stating processing APK file queues/extraction/25D6D8D5DFAB945EE0DF899E3F06F35BBC19318CDCD2672D61298781B6037BF6.apk ... + '[' -f queues/extraction/25D6D8D5DFAB945EE0DF899E3F06F35BBC19318CDCD2672D61298781B6037BF6.apk.OK ']'
+ set -C
+ continue
+ sleep 10
+ '[' 1 ']'
++ find queues/extraction -type f -name '*.apk'
+ for APK_FILE in $(find $EXTRACTION_QUEUE -type f -name \*.apk)
+ echo -n 'stating processing APK file queues/extraction/25D6D8D5DFAB945EE0DF899E3F06F35BBC19318CDCD2672D61298781B6037BF6.apk ... '
stating processing APK file queues/extraction/25D6D8D5DFAB945EE0DF899E3F06F35BBC19318CDCD2672D61298781B6037BF6.apk ... + '[' -f queues/extraction/25D6D8D5DFAB945EE0DF899E3F06F35BBC19318CDCD2672D61298781B6037BF6.apk.OK ']'
+ set -C
+ continue
+ sleep 10
+ '[' 1 ']'
++ find queues/extraction -type f -name '*.apk'
+ for APK_FILE in $(find $EXTRACTION_QUEUE -type f -name \*.apk)
+ echo -n 'stating processing APK file queues/extraction/25D6D8D5DFAB945EE0DF899E3F06F35BBC19318CDCD2672D61298781B6037BF6.apk ... '
stating processing APK file queues/extraction/25D6D8D5DFAB945EE0DF899E3F06F35BBC19318CDCD2672D61298781B6037BF6.apk ... + '[' -f queues/extraction/25D6D8D5DFAB945EE0DF899E3F06F35BBC19318CDCD2672D61298781B6037BF6.apk.OK ']'
+ set -C
+ continue
+ sleep 10
+ '[' 1 ']'
++ find queues/extraction -type f -name '*.apk'
+ for APK_FILE in $(find $EXTRACTION_QUEUE -type f -name \*.apk)
+ echo -n 'stating processing APK file queues/extraction/25D6D8D5DFAB945EE0DF899E3F06F35BBC19318CDCD2672D61298781B6037BF6.apk ... '
stating processing APK file queues/extraction/25D6D8D5DFAB945EE0DF899E3F06F35BBC19318CDCD2672D61298781B6037BF6.apk ... + '[' -f queues/extraction/25D6D8D5DFAB945EE0DF899E3F06F35BBC19318CDCD2672D61298781B6037BF6.apk.OK ']'
+ set -C
+ continue
+ sleep 10
+ '[' 1 ']'
++ find queues/extraction -type f -name '*.apk'
+ for APK_FILE in $(find $EXTRACTION_QUEUE -type f -name \*.apk)
+ echo -n 'stating processing APK file queues/extraction/25D6D8D5DFAB945EE0DF899E3F06F35BBC19318CDCD2672D61298781B6037BF6.apk ... '
stating processing APK file queues/extraction/25D6D8D5DFAB945EE0DF899E3F06F35BBC19318CDCD2672D61298781B6037BF6.apk ... + '[' -f queues/extraction/25D6D8D5DFAB945EE0DF899E3F06F35BBC19318CDCD2672D61298781B6037BF6.apk.OK ']'
+ set -C
+ continue
+ sleep 10
+ '[' 1 ']'
++ find queues/extraction -type f -name '*.apk'
+ for APK_FILE in $(find $EXTRACTION_QUEUE -type f -name \*.apk)
+ echo -n 'stating processing APK file queues/extraction/25D6D8D5DFAB945EE0DF899E3F06F35BBC19318CDCD2672D61298781B6037BF6.apk ... '
stating processing APK file queues/extraction/25D6D8D5DFAB945EE0DF899E3F06F35BBC19318CDCD2672D61298781B6037BF6.apk ... + '[' -f queues/extraction/25D6D8D5DFAB945EE0DF899E3F06F35BBC19318CDCD2672D61298781B6037BF6.apk.OK ']'
+ set -C
+ continue
+ sleep 10
+ '[' 1 ']'
++ find queues/extraction -type f -name '*.apk'
+ for APK_FILE in $(find $EXTRACTION_QUEUE -type f -name \*.apk)
+ echo -n 'stating processing APK file queues/extraction/25D6D8D5DFAB945EE0DF899E3F06F35BBC19318CDCD2672D61298781B6037BF6.apk ... '
stating processing APK file queues/extraction/25D6D8D5DFAB945EE0DF899E3F06F35BBC19318CDCD2672D61298781B6037BF6.apk ... + '[' -f queues/extraction/25D6D8D5DFAB945EE0DF899E3F06F35BBC19318CDCD2672D61298781B6037BF6.apk.OK ']'
+ set -C
+ continue
+ sleep 10
+ '[' 1 ']'
++ find queues/extraction -type f -name '*.apk'
+ for APK_FILE in $(find $EXTRACTION_QUEUE -type f -name \*.apk)
+ echo -n 'stating processing APK file queues/extraction/25D6D8D5DFAB945EE0DF899E3F06F35BBC19318CDCD2672D61298781B6037BF6.apk ... '
stating processing APK file queues/extraction/25D6D8D5DFAB945EE0DF899E3F06F35BBC19318CDCD2672D61298781B6037BF6.apk ... + '[' -f queues/extraction/25D6D8D5DFAB945EE0DF899E3F06F35BBC19318CDCD2672D61298781B6037BF6.apk.OK ']'
+ set -C
+ continue
+ sleep 10
+ '[' 1 ']'
++ find queues/extraction -type f -name '*.apk'
+ for APK_FILE in $(find $EXTRACTION_QUEUE -type f -name \*.apk)
+ echo -n 'stating processing APK file queues/extraction/25D6D8D5DFAB945EE0DF899E3F06F35BBC19318CDCD2672D61298781B6037BF6.apk ... '
stating processing APK file queues/extraction/25D6D8D5DFAB945EE0DF899E3F06F35BBC19318CDCD2672D61298781B6037BF6.apk ... + '[' -f queues/extraction/25D6D8D5DFAB945EE0DF899E3F06F35BBC19318CDCD2672D61298781B6037BF6.apk.OK ']'
+ set -C
+ continue
+ sleep 10
+ '[' 1 ']'
++ find queues/extraction -type f -name '*.apk'
+ for APK_FILE in $(find $EXTRACTION_QUEUE -type f -name \*.apk)
+ echo -n 'stating processing APK file queues/extraction/25D6D8D5DFAB945EE0DF899E3F06F35BBC19318CDCD2672D61298781B6037BF6.apk ... '
stating processing APK file queues/extraction/25D6D8D5DFAB945EE0DF899E3F06F35BBC19318CDCD2672D61298781B6037BF6.apk ... + '[' -f queues/extraction/25D6D8D5DFAB945EE0DF899E3F06F35BBC19318CDCD2672D61298781B6037BF6.apk.OK ']'
+ set -C
+ continue
+ sleep 10
+ '[' 1 ']'
++ find queues/extraction -type f -name '*.apk'
+ for APK_FILE in $(find $EXTRACTION_QUEUE -type f -name \*.apk)
+ echo -n 'stating processing APK file queues/extraction/25D6D8D5DFAB945EE0DF899E3F06F35BBC19318CDCD2672D61298781B6037BF6.apk ... '
stating processing APK file queues/extraction/25D6D8D5DFAB945EE0DF899E3F06F35BBC19318CDCD2672D61298781B6037BF6.apk ... + '[' -f queues/extraction/25D6D8D5DFAB945EE0DF899E3F06F35BBC19318CDCD2672D61298781B6037BF6.apk.OK ']'
+ set -C
+ continue
+ sleep 10
+ '[' 1 ']'
++ find queues/extraction -type f -name '*.apk'
+ for APK_FILE in $(find $EXTRACTION_QUEUE -type f -name \*.apk)
+ echo -n 'stating processing APK file queues/extraction/25D6D8D5DFAB945EE0DF899E3F06F35BBC19318CDCD2672D61298781B6037BF6.apk ... '
stating processing APK file queues/extraction/25D6D8D5DFAB945EE0DF899E3F06F35BBC19318CDCD2672D61298781B6037BF6.apk ... + '[' -f queues/extraction/25D6D8D5DFAB945EE0DF899E3F06F35BBC19318CDCD2672D61298781B6037BF6.apk.OK ']'
+ set -C
+ continue
+ sleep 10
+ '[' 1 ']'
++ find queues/extraction -type f -name '*.apk'
+ for APK_FILE in $(find $EXTRACTION_QUEUE -type f -name \*.apk)
+ echo -n 'stating processing APK file queues/extraction/25D6D8D5DFAB945EE0DF899E3F06F35BBC19318CDCD2672D61298781B6037BF6.apk ... '
stating processing APK file queues/extraction/25D6D8D5DFAB945EE0DF899E3F06F35BBC19318CDCD2672D61298781B6037BF6.apk ... + '[' -f queues/extraction/25D6D8D5DFAB945EE0DF899E3F06F35BBC19318CDCD2672D61298781B6037BF6.apk.OK ']'
+ set -C
+ continue
+ sleep 10
+ '[' 1 ']'
++ find queues/extraction -type f -name '*.apk'
+ for APK_FILE in $(find $EXTRACTION_QUEUE -type f -name \*.apk)
+ echo -n 'stating processing APK file queues/extraction/25D6D8D5DFAB945EE0DF899E3F06F35BBC19318CDCD2672D61298781B6037BF6.apk ... '
stating processing APK file queues/extraction/25D6D8D5DFAB945EE0DF899E3F06F35BBC19318CDCD2672D61298781B6037BF6.apk ... + '[' -f queues/extraction/25D6D8D5DFAB945EE0DF899E3F06F35BBC19318CDCD2672D61298781B6037BF6.apk.OK ']'
+ set -C
+ continue
+ sleep 10
+ '[' 1 ']'
++ find queues/extraction -type f -name '*.apk'
+ for APK_FILE in $(find $EXTRACTION_QUEUE -type f -name \*.apk)
+ echo -n 'stating processing APK file queues/extraction/25D6D8D5DFAB945EE0DF899E3F06F35BBC19318CDCD2672D61298781B6037BF6.apk ... '
stating processing APK file queues/extraction/25D6D8D5DFAB945EE0DF899E3F06F35BBC19318CDCD2672D61298781B6037BF6.apk ... + '[' -f queues/extraction/25D6D8D5DFAB945EE0DF899E3F06F35BBC19318CDCD2672D61298781B6037BF6.apk.OK ']'
+ set -C
+ continue
+ sleep 10
+ '[' 1 ']'
++ find queues/extraction -type f -name '*.apk'
+ for APK_FILE in $(find $EXTRACTION_QUEUE -type f -name \*.apk)
+ echo -n 'stating processing APK file queues/extraction/25D6D8D5DFAB945EE0DF899E3F06F35BBC19318CDCD2672D61298781B6037BF6.apk ... '
stating processing APK file queues/extraction/25D6D8D5DFAB945EE0DF899E3F06F35BBC19318CDCD2672D61298781B6037BF6.apk ... + '[' -f queues/extraction/25D6D8D5DFAB945EE0DF899E3F06F35BBC19318CDCD2672D61298781B6037BF6.apk.OK ']'
+ set -C
+ continue
+ sleep 10
+ '[' 1 ']'
++ find queues/extraction -type f -name '*.apk'
+ for APK_FILE in $(find $EXTRACTION_QUEUE -type f -name \*.apk)
+ echo -n 'stating processing APK file queues/extraction/25D6D8D5DFAB945EE0DF899E3F06F35BBC19318CDCD2672D61298781B6037BF6.apk ... '
stating processing APK file queues/extraction/25D6D8D5DFAB945EE0DF899E3F06F35BBC19318CDCD2672D61298781B6037BF6.apk ... + '[' -f queues/extraction/25D6D8D5DFAB945EE0DF899E3F06F35BBC19318CDCD2672D61298781B6037BF6.apk.OK ']'
+ set -C
+ continue
+ sleep 10
+ '[' 1 ']'
++ find queues/extraction -type f -name '*.apk'
+ for APK_FILE in $(find $EXTRACTION_QUEUE -type f -name \*.apk)
+ echo -n 'stating processing APK file queues/extraction/25D6D8D5DFAB945EE0DF899E3F06F35BBC19318CDCD2672D61298781B6037BF6.apk ... '
stating processing APK file queues/extraction/25D6D8D5DFAB945EE0DF899E3F06F35BBC19318CDCD2672D61298781B6037BF6.apk ... + '[' -f queues/extraction/25D6D8D5DFAB945EE0DF899E3F06F35BBC19318CDCD2672D61298781B6037BF6.apk.OK ']'
+ set -C
+ continue
+ sleep 10
+ '[' 1 ']'
++ find queues/extraction -type f -name '*.apk'
+ for APK_FILE in $(find $EXTRACTION_QUEUE -type f -name \*.apk)
+ echo -n 'stating processing APK file queues/extraction/25D6D8D5DFAB945EE0DF899E3F06F35BBC19318CDCD2672D61298781B6037BF6.apk ... '
stating processing APK file queues/extraction/25D6D8D5DFAB945EE0DF899E3F06F35BBC19318CDCD2672D61298781B6037BF6.apk ... + '[' -f queues/extraction/25D6D8D5DFAB945EE0DF899E3F06F35BBC19318CDCD2672D61298781B6037BF6.apk.OK ']'
+ set -C
+ continue
+ sleep 10
+ '[' 1 ']'
++ find queues/extraction -type f -name '*.apk'
+ for APK_FILE in $(find $EXTRACTION_QUEUE -type f -name \*.apk)
+ echo -n 'stating processing APK file queues/extraction/25D6D8D5DFAB945EE0DF899E3F06F35BBC19318CDCD2672D61298781B6037BF6.apk ... '
stating processing APK file queues/extraction/25D6D8D5DFAB945EE0DF899E3F06F35BBC19318CDCD2672D61298781B6037BF6.apk ... + '[' -f queues/extraction/25D6D8D5DFAB945EE0DF899E3F06F35BBC19318CDCD2672D61298781B6037BF6.apk.OK ']'
+ set -C
+ continue
+ sleep 10
+ '[' 1 ']'
++ find queues/extraction -type f -name '*.apk'
+ for APK_FILE in $(find $EXTRACTION_QUEUE -type f -name \*.apk)
+ echo -n 'stating processing APK file queues/extraction/25D6D8D5DFAB945EE0DF899E3F06F35BBC19318CDCD2672D61298781B6037BF6.apk ... '
stating processing APK file queues/extraction/25D6D8D5DFAB945EE0DF899E3F06F35BBC19318CDCD2672D61298781B6037BF6.apk ... + '[' -f queues/extraction/25D6D8D5DFAB945EE0DF899E3F06F35BBC19318CDCD2672D61298781B6037BF6.apk.OK ']'
+ set -C
+ continue
+ sleep 10
+ '[' 1 ']'
++ find queues/extraction -type f -name '*.apk'
+ for APK_FILE in $(find $EXTRACTION_QUEUE -type f -name \*.apk)
+ echo -n 'stating processing APK file queues/extraction/25D6D8D5DFAB945EE0DF899E3F06F35BBC19318CDCD2672D61298781B6037BF6.apk ... '
stating processing APK file queues/extraction/25D6D8D5DFAB945EE0DF899E3F06F35BBC19318CDCD2672D61298781B6037BF6.apk ... + '[' -f queues/extraction/25D6D8D5DFAB945EE0DF899E3F06F35BBC19318CDCD2672D61298781B6037BF6.apk.OK ']'
+ set -C
+ continue
+ sleep 10
+ '[' 1 ']'
++ find queues/extraction -type f -name '*.apk'
+ for APK_FILE in $(find $EXTRACTION_QUEUE -type f -name \*.apk)
+ echo -n 'stating processing APK file queues/extraction/25D6D8D5DFAB945EE0DF899E3F06F35BBC19318CDCD2672D61298781B6037BF6.apk ... '
stating processing APK file queues/extraction/25D6D8D5DFAB945EE0DF899E3F06F35BBC19318CDCD2672D61298781B6037BF6.apk ... + '[' -f queues/extraction/25D6D8D5DFAB945EE0DF899E3F06F35BBC19318CDCD2672D61298781B6037BF6.apk.OK ']'
+ set -C
+ continue
+ sleep 10
+ '[' 1 ']'
++ find queues/extraction -type f -name '*.apk'
+ for APK_FILE in $(find $EXTRACTION_QUEUE -type f -name \*.apk)
+ echo -n 'stating processing APK file queues/extraction/25D6D8D5DFAB945EE0DF899E3F06F35BBC19318CDCD2672D61298781B6037BF6.apk ... '
stating processing APK file queues/extraction/25D6D8D5DFAB945EE0DF899E3F06F35BBC19318CDCD2672D61298781B6037BF6.apk ... + '[' -f queues/extraction/25D6D8D5DFAB945EE0DF899E3F06F35BBC19318CDCD2672D61298781B6037BF6.apk.OK ']'
+ set -C
+ continue
+ sleep 10
+ '[' 1 ']'
++ find queues/extraction -type f -name '*.apk'
+ for APK_FILE in $(find $EXTRACTION_QUEUE -type f -name \*.apk)
+ echo -n 'stating processing APK file queues/extraction/25D6D8D5DFAB945EE0DF899E3F06F35BBC19318CDCD2672D61298781B6037BF6.apk ... '
stating processing APK file queues/extraction/25D6D8D5DFAB945EE0DF899E3F06F35BBC19318CDCD2672D61298781B6037BF6.apk ... + '[' -f queues/extraction/25D6D8D5DFAB945EE0DF899E3F06F35BBC19318CDCD2672D61298781B6037BF6.apk.OK ']'
+ set -C
+ continue
+ sleep 10
+ '[' 1 ']'
++ find queues/extraction -type f -name '*.apk'
+ for APK_FILE in $(find $EXTRACTION_QUEUE -type f -name \*.apk)
+ echo -n 'stating processing APK file queues/extraction/25D6D8D5DFAB945EE0DF899E3F06F35BBC19318CDCD2672D61298781B6037BF6.apk ... '
stating processing APK file queues/extraction/25D6D8D5DFAB945EE0DF899E3F06F35BBC19318CDCD2672D61298781B6037BF6.apk ... + '[' -f queues/extraction/25D6D8D5DFAB945EE0DF899E3F06F35BBC19318CDCD2672D61298781B6037BF6.apk.OK ']'
+ set -C
+ continue
+ sleep 10
+ '[' 1 ']'
++ find queues/extraction -type f -name '*.apk'
+ for APK_FILE in $(find $EXTRACTION_QUEUE -type f -name \*.apk)
+ echo -n 'stating processing APK file queues/extraction/25D6D8D5DFAB945EE0DF899E3F06F35BBC19318CDCD2672D61298781B6037BF6.apk ... '
stating processing APK file queues/extraction/25D6D8D5DFAB945EE0DF899E3F06F35BBC19318CDCD2672D61298781B6037BF6.apk ... + '[' -f queues/extraction/25D6D8D5DFAB945EE0DF899E3F06F35BBC19318CDCD2672D61298781B6037BF6.apk.OK ']'
+ set -C
+ continue
+ sleep 10
+ '[' 1 ']'
++ find queues/extraction -type f -name '*.apk'
+ for APK_FILE in $(find $EXTRACTION_QUEUE -type f -name \*.apk)
+ echo -n 'stating processing APK file queues/extraction/25D6D8D5DFAB945EE0DF899E3F06F35BBC19318CDCD2672D61298781B6037BF6.apk ... '
stating processing APK file queues/extraction/25D6D8D5DFAB945EE0DF899E3F06F35BBC19318CDCD2672D61298781B6037BF6.apk ... + '[' -f queues/extraction/25D6D8D5DFAB945EE0DF899E3F06F35BBC19318CDCD2672D61298781B6037BF6.apk.OK ']'
+ set -C
+ continue
+ sleep 10
+ '[' 1 ']'
++ find queues/extraction -type f -name '*.apk'
+ for APK_FILE in $(find $EXTRACTION_QUEUE -type f -name \*.apk)
+ echo -n 'stating processing APK file queues/extraction/25D6D8D5DFAB945EE0DF899E3F06F35BBC19318CDCD2672D61298781B6037BF6.apk ... '
stating processing APK file queues/extraction/25D6D8D5DFAB945EE0DF899E3F06F35BBC19318CDCD2672D61298781B6037BF6.apk ... + '[' -f queues/extraction/25D6D8D5DFAB945EE0DF899E3F06F35BBC19318CDCD2672D61298781B6037BF6.apk.OK ']'
+ set -C
+ continue
+ sleep 10
+ '[' 1 ']'
++ find queues/extraction -type f -name '*.apk'
+ for APK_FILE in $(find $EXTRACTION_QUEUE -type f -name \*.apk)
+ echo -n 'stating processing APK file queues/extraction/25D6D8D5DFAB945EE0DF899E3F06F35BBC19318CDCD2672D61298781B6037BF6.apk ... '
stating processing APK file queues/extraction/25D6D8D5DFAB945EE0DF899E3F06F35BBC19318CDCD2672D61298781B6037BF6.apk ... + '[' -f queues/extraction/25D6D8D5DFAB945EE0DF899E3F06F35BBC19318CDCD2672D61298781B6037BF6.apk.OK ']'
+ set -C
+ continue
+ sleep 10
+ '[' 1 ']'
++ find queues/extraction -type f -name '*.apk'
+ for APK_FILE in $(find $EXTRACTION_QUEUE -type f -name \*.apk)
+ echo -n 'stating processing APK file queues/extraction/25D6D8D5DFAB945EE0DF899E3F06F35BBC19318CDCD2672D61298781B6037BF6.apk ... '
stating processing APK file queues/extraction/25D6D8D5DFAB945EE0DF899E3F06F35BBC19318CDCD2672D61298781B6037BF6.apk ... + '[' -f queues/extraction/25D6D8D5DFAB945EE0DF899E3F06F35BBC19318CDCD2672D61298781B6037BF6.apk.OK ']'
+ set -C
+ continue
+ sleep 10
+ '[' 1 ']'
++ find queues/extraction -type f -name '*.apk'
+ for APK_FILE in $(find $EXTRACTION_QUEUE -type f -name \*.apk)
+ echo -n 'stating processing APK file queues/extraction/25D6D8D5DFAB945EE0DF899E3F06F35BBC19318CDCD2672D61298781B6037BF6.apk ... '
stating processing APK file queues/extraction/25D6D8D5DFAB945EE0DF899E3F06F35BBC19318CDCD2672D61298781B6037BF6.apk ... + '[' -f queues/extraction/25D6D8D5DFAB945EE0DF899E3F06F35BBC19318CDCD2672D61298781B6037BF6.apk.OK ']'
+ set -C
+ continue
+ sleep 10
+ '[' 1 ']'
++ find queues/extraction -type f -name '*.apk'
+ for APK_FILE in $(find $EXTRACTION_QUEUE -type f -name \*.apk)
+ echo -n 'stating processing APK file queues/extraction/25D6D8D5DFAB945EE0DF899E3F06F35BBC19318CDCD2672D61298781B6037BF6.apk ... '
stating processing APK file queues/extraction/25D6D8D5DFAB945EE0DF899E3F06F35BBC19318CDCD2672D61298781B6037BF6.apk ... + '[' -f queues/extraction/25D6D8D5DFAB945EE0DF899E3F06F35BBC19318CDCD2672D61298781B6037BF6.apk.OK ']'
+ set -C
+ continue
+ sleep 10
+ '[' 1 ']'
++ find queues/extraction -type f -name '*.apk'
+ for APK_FILE in $(find $EXTRACTION_QUEUE -type f -name \*.apk)
+ echo -n 'stating processing APK file queues/extraction/25D6D8D5DFAB945EE0DF899E3F06F35BBC19318CDCD2672D61298781B6037BF6.apk ... '
stating processing APK file queues/extraction/25D6D8D5DFAB945EE0DF899E3F06F35BBC19318CDCD2672D61298781B6037BF6.apk ... + '[' -f queues/extraction/25D6D8D5DFAB945EE0DF899E3F06F35BBC19318CDCD2672D61298781B6037BF6.apk.OK ']'
+ set -C
+ continue
+ sleep 10
+ '[' 1 ']'
++ find queues/extraction -type f -name '*.apk'
+ for APK_FILE in $(find $EXTRACTION_QUEUE -type f -name \*.apk)
+ echo -n 'stating processing APK file queues/extraction/25D6D8D5DFAB945EE0DF899E3F06F35BBC19318CDCD2672D61298781B6037BF6.apk ... '
stating processing APK file queues/extraction/25D6D8D5DFAB945EE0DF899E3F06F35BBC19318CDCD2672D61298781B6037BF6.apk ... + '[' -f queues/extraction/25D6D8D5DFAB945EE0DF899E3F06F35BBC19318CDCD2672D61298781B6037BF6.apk.OK ']'
+ set -C
+ continue
+ sleep 10
+ '[' 1 ']'
++ find queues/extraction -type f -name '*.apk'
+ for APK_FILE in $(find $EXTRACTION_QUEUE -type f -name \*.apk)
+ echo -n 'stating processing APK file queues/extraction/25D6D8D5DFAB945EE0DF899E3F06F35BBC19318CDCD2672D61298781B6037BF6.apk ... '
stating processing APK file queues/extraction/25D6D8D5DFAB945EE0DF899E3F06F35BBC19318CDCD2672D61298781B6037BF6.apk ... + '[' -f queues/extraction/25D6D8D5DFAB945EE0DF899E3F06F35BBC19318CDCD2672D61298781B6037BF6.apk.OK ']'
+ set -C
+ continue
+ sleep 10
+ '[' 1 ']'
++ find queues/extraction -type f -name '*.apk'
+ for APK_FILE in $(find $EXTRACTION_QUEUE -type f -name \*.apk)
+ echo -n 'stating processing APK file queues/extraction/25D6D8D5DFAB945EE0DF899E3F06F35BBC19318CDCD2672D61298781B6037BF6.apk ... '
stating processing APK file queues/extraction/25D6D8D5DFAB945EE0DF899E3F06F35BBC19318CDCD2672D61298781B6037BF6.apk ... + '[' -f queues/extraction/25D6D8D5DFAB945EE0DF899E3F06F35BBC19318CDCD2672D61298781B6037BF6.apk.OK ']'
+ set -C
+ continue
+ sleep 10
+ '[' 1 ']'
++ find queues/extraction -type f -name '*.apk'
+ for APK_FILE in $(find $EXTRACTION_QUEUE -type f -name \*.apk)
+ echo -n 'stating processing APK file queues/extraction/25D6D8D5DFAB945EE0DF899E3F06F35BBC19318CDCD2672D61298781B6037BF6.apk ... '
stating processing APK file queues/extraction/25D6D8D5DFAB945EE0DF899E3F06F35BBC19318CDCD2672D61298781B6037BF6.apk ... + '[' -f queues/extraction/25D6D8D5DFAB945EE0DF899E3F06F35BBC19318CDCD2672D61298781B6037BF6.apk.OK ']'
+ set -C
+ continue
+ sleep 10
+ '[' 1 ']'
++ find queues/extraction -type f -name '*.apk'
+ for APK_FILE in $(find $EXTRACTION_QUEUE -type f -name \*.apk)
+ echo -n 'stating processing APK file queues/extraction/25D6D8D5DFAB945EE0DF899E3F06F35BBC19318CDCD2672D61298781B6037BF6.apk ... '
stating processing APK file queues/extraction/25D6D8D5DFAB945EE0DF899E3F06F35BBC19318CDCD2672D61298781B6037BF6.apk ... + '[' -f queues/extraction/25D6D8D5DFAB945EE0DF899E3F06F35BBC19318CDCD2672D61298781B6037BF6.apk.OK ']'
+ set -C
+ continue
+ sleep 10
+ '[' 1 ']'
++ find queues/extraction -type f -name '*.apk'
+ for APK_FILE in $(find $EXTRACTION_QUEUE -type f -name \*.apk)
+ echo -n 'stating processing APK file queues/extraction/25D6D8D5DFAB945EE0DF899E3F06F35BBC19318CDCD2672D61298781B6037BF6.apk ... '
stating processing APK file queues/extraction/25D6D8D5DFAB945EE0DF899E3F06F35BBC19318CDCD2672D61298781B6037BF6.apk ... + '[' -f queues/extraction/25D6D8D5DFAB945EE0DF899E3F06F35BBC19318CDCD2672D61298781B6037BF6.apk.OK ']'
+ set -C
+ continue
+ sleep 10
+ '[' 1 ']'
++ find queues/extraction -type f -name '*.apk'
+ for APK_FILE in $(find $EXTRACTION_QUEUE -type f -name \*.apk)
+ echo -n 'stating processing APK file queues/extraction/25D6D8D5DFAB945EE0DF899E3F06F35BBC19318CDCD2672D61298781B6037BF6.apk ... '
stating processing APK file queues/extraction/25D6D8D5DFAB945EE0DF899E3F06F35BBC19318CDCD2672D61298781B6037BF6.apk ... + '[' -f queues/extraction/25D6D8D5DFAB945EE0DF899E3F06F35BBC19318CDCD2672D61298781B6037BF6.apk.OK ']'
+ set -C
+ continue
+ sleep 10
+ '[' 1 ']'
++ find queues/extraction -type f -name '*.apk'
+ for APK_FILE in $(find $EXTRACTION_QUEUE -type f -name \*.apk)
+ echo -n 'stating processing APK file queues/extraction/25D6D8D5DFAB945EE0DF899E3F06F35BBC19318CDCD2672D61298781B6037BF6.apk ... '
stating processing APK file queues/extraction/25D6D8D5DFAB945EE0DF899E3F06F35BBC19318CDCD2672D61298781B6037BF6.apk ... + '[' -f queues/extraction/25D6D8D5DFAB945EE0DF899E3F06F35BBC19318CDCD2672D61298781B6037BF6.apk.OK ']'
+ set -C
+ continue
+ sleep 10
+ '[' 1 ']'
++ find queues/extraction -type f -name '*.apk'
+ for APK_FILE in $(find $EXTRACTION_QUEUE -type f -name \*.apk)
+ echo -n 'stating processing APK file queues/extraction/25D6D8D5DFAB945EE0DF899E3F06F35BBC19318CDCD2672D61298781B6037BF6.apk ... '
stating processing APK file queues/extraction/25D6D8D5DFAB945EE0DF899E3F06F35BBC19318CDCD2672D61298781B6037BF6.apk ... + '[' -f queues/extraction/25D6D8D5DFAB945EE0DF899E3F06F35BBC19318CDCD2672D61298781B6037BF6.apk.OK ']'
+ set -C
+ continue
+ sleep 10
+ '[' 1 ']'
++ find queues/extraction -type f -name '*.apk'
+ for APK_FILE in $(find $EXTRACTION_QUEUE -type f -name \*.apk)
+ echo -n 'stating processing APK file queues/extraction/25D6D8D5DFAB945EE0DF899E3F06F35BBC19318CDCD2672D61298781B6037BF6.apk ... '
stating processing APK file queues/extraction/25D6D8D5DFAB945EE0DF899E3F06F35BBC19318CDCD2672D61298781B6037BF6.apk ... + '[' -f queues/extraction/25D6D8D5DFAB945EE0DF899E3F06F35BBC19318CDCD2672D61298781B6037BF6.apk.OK ']'
+ set -C
+ continue
+ sleep 10
+ '[' 1 ']'
++ find queues/extraction -type f -name '*.apk'
+ for APK_FILE in $(find $EXTRACTION_QUEUE -type f -name \*.apk)
+ echo -n 'stating processing APK file queues/extraction/25D6D8D5DFAB945EE0DF899E3F06F35BBC19318CDCD2672D61298781B6037BF6.apk ... '
stating processing APK file queues/extraction/25D6D8D5DFAB945EE0DF899E3F06F35BBC19318CDCD2672D61298781B6037BF6.apk ... + '[' -f queues/extraction/25D6D8D5DFAB945EE0DF899E3F06F35BBC19318CDCD2672D61298781B6037BF6.apk.OK ']'
+ set -C
+ continue
+ sleep 10
+ '[' 1 ']'
++ find queues/extraction -type f -name '*.apk'
+ for APK_FILE in $(find $EXTRACTION_QUEUE -type f -name \*.apk)
+ echo -n 'stating processing APK file queues/extraction/25D6D8D5DFAB945EE0DF899E3F06F35BBC19318CDCD2672D61298781B6037BF6.apk ... '
stating processing APK file queues/extraction/25D6D8D5DFAB945EE0DF899E3F06F35BBC19318CDCD2672D61298781B6037BF6.apk ... + '[' -f queues/extraction/25D6D8D5DFAB945EE0DF899E3F06F35BBC19318CDCD2672D61298781B6037BF6.apk.OK ']'
+ set -C
+ continue
+ sleep 10
+ '[' 1 ']'
++ find queues/extraction -type f -name '*.apk'
+ for APK_FILE in $(find $EXTRACTION_QUEUE -type f -name \*.apk)
+ echo -n 'stating processing APK file queues/extraction/25D6D8D5DFAB945EE0DF899E3F06F35BBC19318CDCD2672D61298781B6037BF6.apk ... '
stating processing APK file queues/extraction/25D6D8D5DFAB945EE0DF899E3F06F35BBC19318CDCD2672D61298781B6037BF6.apk ... + '[' -f queues/extraction/25D6D8D5DFAB945EE0DF899E3F06F35BBC19318CDCD2672D61298781B6037BF6.apk.OK ']'
+ set -C
+ continue
+ sleep 10
+ '[' 1 ']'
++ find queues/extraction -type f -name '*.apk'
+ for APK_FILE in $(find $EXTRACTION_QUEUE -type f -name \*.apk)
+ echo -n 'stating processing APK file queues/extraction/25D6D8D5DFAB945EE0DF899E3F06F35BBC19318CDCD2672D61298781B6037BF6.apk ... '
stating processing APK file queues/extraction/25D6D8D5DFAB945EE0DF899E3F06F35BBC19318CDCD2672D61298781B6037BF6.apk ... + '[' -f queues/extraction/25D6D8D5DFAB945EE0DF899E3F06F35BBC19318CDCD2672D61298781B6037BF6.apk.OK ']'
+ set -C
+ continue
+ sleep 10
+ '[' 1 ']'
++ find queues/extraction -type f -name '*.apk'
+ for APK_FILE in $(find $EXTRACTION_QUEUE -type f -name \*.apk)
+ echo -n 'stating processing APK file queues/extraction/25D6D8D5DFAB945EE0DF899E3F06F35BBC19318CDCD2672D61298781B6037BF6.apk ... '
stating processing APK file queues/extraction/25D6D8D5DFAB945EE0DF899E3F06F35BBC19318CDCD2672D61298781B6037BF6.apk ... + '[' -f queues/extraction/25D6D8D5DFAB945EE0DF899E3F06F35BBC19318CDCD2672D61298781B6037BF6.apk.OK ']'
+ set -C
+ continue
+ sleep 10
+ '[' 1 ']'
++ find queues/extraction -type f -name '*.apk'
+ for APK_FILE in $(find $EXTRACTION_QUEUE -type f -name \*.apk)
+ echo -n 'stating processing APK file queues/extraction/25D6D8D5DFAB945EE0DF899E3F06F35BBC19318CDCD2672D61298781B6037BF6.apk ... '
stating processing APK file queues/extraction/25D6D8D5DFAB945EE0DF899E3F06F35BBC19318CDCD2672D61298781B6037BF6.apk ... + '[' -f queues/extraction/25D6D8D5DFAB945EE0DF899E3F06F35BBC19318CDCD2672D61298781B6037BF6.apk.OK ']'
+ set -C
+ continue
+ sleep 10
+ '[' 1 ']'
++ find queues/extraction -type f -name '*.apk'
+ for APK_FILE in $(find $EXTRACTION_QUEUE -type f -name \*.apk)
+ echo -n 'stating processing APK file queues/extraction/25D6D8D5DFAB945EE0DF899E3F06F35BBC19318CDCD2672D61298781B6037BF6.apk ... '
stating processing APK file queues/extraction/25D6D8D5DFAB945EE0DF899E3F06F35BBC19318CDCD2672D61298781B6037BF6.apk ... + '[' -f queues/extraction/25D6D8D5DFAB945EE0DF899E3F06F35BBC19318CDCD2672D61298781B6037BF6.apk.OK ']'
+ set -C
+ continue
+ sleep 10
+ '[' 1 ']'
++ find queues/extraction -type f -name '*.apk'
+ for APK_FILE in $(find $EXTRACTION_QUEUE -type f -name \*.apk)
+ echo -n 'stating processing APK file queues/extraction/25D6D8D5DFAB945EE0DF899E3F06F35BBC19318CDCD2672D61298781B6037BF6.apk ... '
stating processing APK file queues/extraction/25D6D8D5DFAB945EE0DF899E3F06F35BBC19318CDCD2672D61298781B6037BF6.apk ... + '[' -f queues/extraction/25D6D8D5DFAB945EE0DF899E3F06F35BBC19318CDCD2672D61298781B6037BF6.apk.OK ']'
+ set -C
+ continue
+ sleep 10
+ '[' 1 ']'
++ find queues/extraction -type f -name '*.apk'
+ for APK_FILE in $(find $EXTRACTION_QUEUE -type f -name \*.apk)
+ echo -n 'stating processing APK file queues/extraction/25D6D8D5DFAB945EE0DF899E3F06F35BBC19318CDCD2672D61298781B6037BF6.apk ... '
stating processing APK file queues/extraction/25D6D8D5DFAB945EE0DF899E3F06F35BBC19318CDCD2672D61298781B6037BF6.apk ... + '[' -f queues/extraction/25D6D8D5DFAB945EE0DF899E3F06F35BBC19318CDCD2672D61298781B6037BF6.apk.OK ']'
+ set -C
+ continue
+ sleep 10
+ '[' 1 ']'
++ find queues/extraction -type f -name '*.apk'
+ for APK_FILE in $(find $EXTRACTION_QUEUE -type f -name \*.apk)
+ echo -n 'stating processing APK file queues/extraction/25D6D8D5DFAB945EE0DF899E3F06F35BBC19318CDCD2672D61298781B6037BF6.apk ... '
stating processing APK file queues/extraction/25D6D8D5DFAB945EE0DF899E3F06F35BBC19318CDCD2672D61298781B6037BF6.apk ... + '[' -f queues/extraction/25D6D8D5DFAB945EE0DF899E3F06F35BBC19318CDCD2672D61298781B6037BF6.apk.OK ']'
+ set -C
+ continue
+ sleep 10
+ '[' 1 ']'
++ find queues/extraction -type f -name '*.apk'
+ for APK_FILE in $(find $EXTRACTION_QUEUE -type f -name \*.apk)
+ echo -n 'stating processing APK file queues/extraction/25D6D8D5DFAB945EE0DF899E3F06F35BBC19318CDCD2672D61298781B6037BF6.apk ... '
stating processing APK file queues/extraction/25D6D8D5DFAB945EE0DF899E3F06F35BBC19318CDCD2672D61298781B6037BF6.apk ... + '[' -f queues/extraction/25D6D8D5DFAB945EE0DF899E3F06F35BBC19318CDCD2672D61298781B6037BF6.apk.OK ']'
+ set -C
+ continue
+ sleep 10
+ '[' 1 ']'
++ find queues/extraction -type f -name '*.apk'
+ for APK_FILE in $(find $EXTRACTION_QUEUE -type f -name \*.apk)
+ echo -n 'stating processing APK file queues/extraction/25D6D8D5DFAB945EE0DF899E3F06F35BBC19318CDCD2672D61298781B6037BF6.apk ... '
stating processing APK file queues/extraction/25D6D8D5DFAB945EE0DF899E3F06F35BBC19318CDCD2672D61298781B6037BF6.apk ... + '[' -f queues/extraction/25D6D8D5DFAB945EE0DF899E3F06F35BBC19318CDCD2672D61298781B6037BF6.apk.OK ']'
+ set -C
+ continue
+ sleep 10
+ '[' 1 ']'
++ find queues/extraction -type f -name '*.apk'
+ for APK_FILE in $(find $EXTRACTION_QUEUE -type f -name \*.apk)
+ echo -n 'stating processing APK file queues/extraction/25D6D8D5DFAB945EE0DF899E3F06F35BBC19318CDCD2672D61298781B6037BF6.apk ... '
stating processing APK file queues/extraction/25D6D8D5DFAB945EE0DF899E3F06F35BBC19318CDCD2672D61298781B6037BF6.apk ... + '[' -f queues/extraction/25D6D8D5DFAB945EE0DF899E3F06F35BBC19318CDCD2672D61298781B6037BF6.apk.OK ']'
+ set -C
+ continue
+ sleep 10
+ '[' 1 ']'
++ find queues/extraction -type f -name '*.apk'
+ for APK_FILE in $(find $EXTRACTION_QUEUE -type f -name \*.apk)
+ echo -n 'stating processing APK file queues/extraction/25D6D8D5DFAB945EE0DF899E3F06F35BBC19318CDCD2672D61298781B6037BF6.apk ... '
stating processing APK file queues/extraction/25D6D8D5DFAB945EE0DF899E3F06F35BBC19318CDCD2672D61298781B6037BF6.apk ... + '[' -f queues/extraction/25D6D8D5DFAB945EE0DF899E3F06F35BBC19318CDCD2672D61298781B6037BF6.apk.OK ']'
+ set -C
+ continue
+ sleep 10
+ '[' 1 ']'
++ find queues/extraction -type f -name '*.apk'
+ for APK_FILE in $(find $EXTRACTION_QUEUE -type f -name \*.apk)
+ echo -n 'stating processing APK file queues/extraction/25D6D8D5DFAB945EE0DF899E3F06F35BBC19318CDCD2672D61298781B6037BF6.apk ... '
stating processing APK file queues/extraction/25D6D8D5DFAB945EE0DF899E3F06F35BBC19318CDCD2672D61298781B6037BF6.apk ... + '[' -f queues/extraction/25D6D8D5DFAB945EE0DF899E3F06F35BBC19318CDCD2672D61298781B6037BF6.apk.OK ']'
+ set -C
+ continue
+ sleep 10
+ '[' 1 ']'
++ find queues/extraction -type f -name '*.apk'
+ for APK_FILE in $(find $EXTRACTION_QUEUE -type f -name \*.apk)
+ echo -n 'stating processing APK file queues/extraction/25D6D8D5DFAB945EE0DF899E3F06F35BBC19318CDCD2672D61298781B6037BF6.apk ... '
stating processing APK file queues/extraction/25D6D8D5DFAB945EE0DF899E3F06F35BBC19318CDCD2672D61298781B6037BF6.apk ... + '[' -f queues/extraction/25D6D8D5DFAB945EE0DF899E3F06F35BBC19318CDCD2672D61298781B6037BF6.apk.OK ']'
+ set -C
+ continue
+ sleep 10
+ '[' 1 ']'
++ find queues/extraction -type f -name '*.apk'
+ for APK_FILE in $(find $EXTRACTION_QUEUE -type f -name \*.apk)
+ echo -n 'stating processing APK file queues/extraction/25D6D8D5DFAB945EE0DF899E3F06F35BBC19318CDCD2672D61298781B6037BF6.apk ... '
stating processing APK file queues/extraction/25D6D8D5DFAB945EE0DF899E3F06F35BBC19318CDCD2672D61298781B6037BF6.apk ... + '[' -f queues/extraction/25D6D8D5DFAB945EE0DF899E3F06F35BBC19318CDCD2672D61298781B6037BF6.apk.OK ']'
+ set -C
+ continue
+ sleep 10
+ '[' 1 ']'
++ find queues/extraction -type f -name '*.apk'
+ for APK_FILE in $(find $EXTRACTION_QUEUE -type f -name \*.apk)
+ echo -n 'stating processing APK file queues/extraction/25D6D8D5DFAB945EE0DF899E3F06F35BBC19318CDCD2672D61298781B6037BF6.apk ... '
stating processing APK file queues/extraction/25D6D8D5DFAB945EE0DF899E3F06F35BBC19318CDCD2672D61298781B6037BF6.apk ... + '[' -f queues/extraction/25D6D8D5DFAB945EE0DF899E3F06F35BBC19318CDCD2672D61298781B6037BF6.apk.OK ']'
+ set -C
+ continue
+ sleep 10
+ '[' 1 ']'
++ find queues/extraction -type f -name '*.apk'
+ for APK_FILE in $(find $EXTRACTION_QUEUE -type f -name \*.apk)
+ echo -n 'stating processing APK file queues/extraction/25D6D8D5DFAB945EE0DF899E3F06F35BBC19318CDCD2672D61298781B6037BF6.apk ... '
stating processing APK file queues/extraction/25D6D8D5DFAB945EE0DF899E3F06F35BBC19318CDCD2672D61298781B6037BF6.apk ... + '[' -f queues/extraction/25D6D8D5DFAB945EE0DF899E3F06F35BBC19318CDCD2672D61298781B6037BF6.apk.OK ']'
+ set -C
+ continue
+ sleep 10
+ '[' 1 ']'
++ find queues/extraction -type f -name '*.apk'
+ for APK_FILE in $(find $EXTRACTION_QUEUE -type f -name \*.apk)
+ echo -n 'stating processing APK file queues/extraction/25D6D8D5DFAB945EE0DF899E3F06F35BBC19318CDCD2672D61298781B6037BF6.apk ... '
stating processing APK file queues/extraction/25D6D8D5DFAB945EE0DF899E3F06F35BBC19318CDCD2672D61298781B6037BF6.apk ... + '[' -f queues/extraction/25D6D8D5DFAB945EE0DF899E3F06F35BBC19318CDCD2672D61298781B6037BF6.apk.OK ']'
+ set -C
+ continue
+ sleep 10
+ '[' 1 ']'
++ find queues/extraction -type f -name '*.apk'
+ for APK_FILE in $(find $EXTRACTION_QUEUE -type f -name \*.apk)
+ echo -n 'stating processing APK file queues/extraction/25D6D8D5DFAB945EE0DF899E3F06F35BBC19318CDCD2672D61298781B6037BF6.apk ... '
stating processing APK file queues/extraction/25D6D8D5DFAB945EE0DF899E3F06F35BBC19318CDCD2672D61298781B6037BF6.apk ... + '[' -f queues/extraction/25D6D8D5DFAB945EE0DF899E3F06F35BBC19318CDCD2672D61298781B6037BF6.apk.OK ']'
+ set -C
+ continue
+ sleep 10
+ '[' 1 ']'
++ find queues/extraction -type f -name '*.apk'
+ sleep 10
+ '[' 1 ']'
++ find queues/extraction -type f -name '*.apk'
+ sleep 10
+ '[' 1 ']'
++ find queues/extraction -type f -name '*.apk'
+ sleep 10
+ '[' 1 ']'
++ find queues/extraction -type f -name '*.apk'
+ sleep 10
+ '[' 1 ']'
++ find queues/extraction -type f -name '*.apk'
+ sleep 10
+ '[' 1 ']'
++ find queues/extraction -type f -name '*.apk'
+ sleep 10
+ '[' 1 ']'
++ find queues/extraction -type f -name '*.apk'
+ sleep 10
+ '[' 1 ']'
++ find queues/extraction -type f -name '*.apk'
+ sleep 10
+ '[' 1 ']'
++ find queues/extraction -type f -name '*.apk'
+ sleep 10
+ '[' 1 ']'
++ find queues/extraction -type f -name '*.apk'
+ sleep 10
+ '[' 1 ']'
++ find queues/extraction -type f -name '*.apk'
+ sleep 10
+ '[' 1 ']'
++ find queues/extraction -type f -name '*.apk'
+ sleep 10
+ '[' 1 ']'
++ find queues/extraction -type f -name '*.apk'
+ sleep 10
+ '[' 1 ']'
++ find queues/extraction -type f -name '*.apk'
+ sleep 10
++ rm -f ./queues/extraction/25D6E1D863C7FBD24AE105DED0AEFD139B80EE578EC925A229F66D34CEE243EC.apk.lock
Terminated
