Tempo para transformar colunas em INT:  0.39806604385375977  segundos
Tempo de concatenação do CSV 028F26390A79C1722F56E730A4AAB5019FFCA4A39B578210D228B4330EBF74BC.csv:  0.4625272750854492 segundos


Tempo para transformar colunas em INT:  0.3226890563964844  segundos
Tempo de concatenação do CSV 2570E36A4B90B60D2D35D367EC29F33E77B0F851D5B3326568FCBBABC363E891.csv:  0.4545423984527588 segundos


Tempo para transformar colunas em INT:  0.32513880729675293  segundos
Tempo de concatenação do CSV 25706AA52CD3FA51753BA2957CCEDA34D22AA084C00A14E3FA5AC2F0A994E8FC.csv:  0.44814443588256836 segundos


Tempo para transformar colunas em INT:  0.35535120964050293  segundos
Tempo de concatenação do CSV 25d6f36260bf081c928ff7ca9b0e20dd2e271d91ad1afc9dc815d226350b8776.csv:  0.5044708251953125 segundos


Tempo para transformar colunas em INT:  1.026381015777588  segundos
Tempo de concatenação do CSV 25D7BB0E1B098762F3F5969B1DB84AED22E6003C2AE1F2D51601D27C0A1CC68B.csv:  1.1286299228668213 segundos


Tempo para transformar colunas em INT:  0.8140838146209717  segundos
Tempo de concatenação do CSV 25D8C05A54F6DE5F466BF2B4C90D454B8DFFD04ABA11978E7B736F689E43F1D6.csv:  0.944756031036377 segundos


Tempo para transformar colunas em INT:  0.8884673118591309  segundos
Tempo de concatenação do CSV 25D9F53984BF1B8F5B83BC528B17C60DF6E2A261AFB03834225B51BFDF856AA7.csv:  1.0407161712646484 segundos


Tempo para transformar colunas em INT:  0.33814239501953125  segundos
Tempo de concatenação do CSV 25D6E1D863C7FBD24AE105DED0AEFD139B80EE578EC925A229F66D34CEE243EC.csv:  0.5016531944274902 segundos


Tempo para transformar colunas em INT:  0.3848085403442383  segundos
Tempo de concatenação do CSV 25DA0BCE152ECCD0432F2127D1A4FD5269899670AFEE3C96FC0266C9ABBD9194.csv:  0.5877237319946289 segundos


Tempo para transformar colunas em INT:  0.39405083656311035  segundos
Tempo de concatenação do CSV 25D6D8D5DFAB945EE0DF899E3F06F35BBC19318CDCD2672D61298781B6037BF6.csv:  0.5872802734375 segundos


